Log file open, 11/16/22 19:13:12
LogWindows: Failed to load 'aqProf.dll' (GetLastError=126)
LogWindows: File 'aqProf.dll' does not exist
LogWindows: Failed to load 'VtuneApi.dll' (GetLastError=126)
LogWindows: File 'VtuneApi.dll' does not exist
LogWindows: Failed to load 'VtuneApi32e.dll' (GetLastError=126)
LogWindows: File 'VtuneApi32e.dll' does not exist
LogConsoleResponse: Display: Failed to find resolution value strings in scalability ini. Falling back to default.
LogConsoleResponse: Display: Failed to find resolution value strings in scalability ini. Falling back to default.
LogInit: Display: Running engine for game: Arcanoid
LogPlatformFile: Not using cached read wrapper
LogTaskGraph: Started task graph with 5 named threads and 23 total threads with 3 sets of task threads.
LogStats: Stats thread started at 0.654028
LogICUInternationalization: ICU TimeZone Detection - Raw Offset: -4:00, Platform Override: ''
LogInit: Display: Loading text-based GConfig....
LogPluginManager: Mounting plugin MeshPainting
LogPluginManager: Mounting plugin XGEController
LogPluginManager: Mounting plugin Paper2D
LogPluginManager: Mounting plugin EnvironmentQueryEditor
LogPluginManager: Mounting plugin LightPropagationVolume
LogPluginManager: Mounting plugin AISupport
LogPluginManager: Mounting plugin LiveLink
LogPluginManager: Mounting plugin GameplayCameras
LogPluginManager: Mounting plugin CameraShakePreviewer
LogPluginManager: Mounting plugin OodleData
LogPluginManager: Mounting plugin AssetManagerEditor
LogPluginManager: Mounting plugin OodleNetwork
LogPluginManager: Mounting plugin CryptoKeys
LogPluginManager: Mounting plugin CurveEditorTools
LogPluginManager: Mounting plugin DataValidation
LogPluginManager: Mounting plugin GameplayTagsEditor
LogPluginManager: Mounting plugin FacialAnimation
LogPluginManager: Mounting plugin GeometryMode
LogPluginManager: Mounting plugin MacGraphicsSwitching
LogPluginManager: Mounting plugin PluginBrowser
LogPluginManager: Mounting plugin MobileLauncherProfileWizard
LogPluginManager: Mounting plugin MaterialAnalyzer
LogPluginManager: Mounting plugin SpeedTreeImporter
LogPluginManager: Mounting plugin DatasmithContent
LogPluginManager: Mounting plugin VariantManagerContent
LogPluginManager: Mounting plugin Niagara
LogPluginManager: Mounting plugin LuminPlatformFeatures
LogPluginManager: Mounting plugin MagicLeap
LogPluginManager: Mounting plugin MagicLeapLightEstimation
LogPluginManager: Mounting plugin MagicLeapMedia
LogPluginManager: Mounting plugin MagicLeapPassableWorld
LogPluginManager: Mounting plugin MLSDK
LogPluginManager: Mounting plugin AndroidMedia
LogPluginManager: Mounting plugin AvfMedia
LogPluginManager: Mounting plugin ImgMedia
LogPluginManager: Mounting plugin MediaCompositing
LogPluginManager: Mounting plugin MediaPlayerEditor
LogPluginManager: Mounting plugin WebMMedia
LogPluginManager: Mounting plugin WmfMedia
LogPluginManager: Mounting plugin ActorSequence
LogPluginManager: Mounting plugin LevelSequenceEditor
LogPluginManager: Mounting plugin MatineeToLevelSequence
LogPluginManager: Mounting plugin TemplateSequence
LogPluginManager: Mounting plugin TcpMessaging
LogPluginManager: Mounting plugin UdpMessaging
LogPluginManager: Mounting plugin OnlineSubsystem
LogPluginManager: Mounting plugin OnlineSubsystemNull
LogPluginManager: Mounting plugin OnlineSubsystemUtils
LogPluginManager: Mounting plugin ActorLayerUtilities
LogPluginManager: Mounting plugin AndroidDeviceProfileSelector
LogPluginManager: Mounting plugin LauncherChunkInstaller
LogPluginManager: Mounting plugin AndroidMoviePlayer
LogPluginManager: Mounting plugin AndroidPermission
LogPluginManager: Mounting plugin AppleImageUtils
LogPluginManager: Mounting plugin AppleMoviePlayer
LogPluginManager: Mounting plugin ArchVisCharacter
LogPluginManager: Mounting plugin AudioCapture
LogPluginManager: Mounting plugin AssetTags
LogPluginManager: Mounting plugin AudioSynesthesia
LogPluginManager: Mounting plugin CableComponent
LogPluginManager: Mounting plugin ChunkDownloader
LogPluginManager: Mounting plugin CustomMeshComponent
LogPluginManager: Mounting plugin EditableMesh
LogPluginManager: Mounting plugin ExampleDeviceProfileSelector
LogPluginManager: Mounting plugin GoogleCloudMessaging
LogPluginManager: Mounting plugin GooglePAD
LogPluginManager: Mounting plugin IOSDeviceProfileSelector
LogPluginManager: Mounting plugin LinuxDeviceProfileSelector
LogPluginManager: Mounting plugin LocationServicesBPLibrary
LogPluginManager: Mounting plugin MobilePatchingUtils
LogPluginManager: Mounting plugin OpenXR
LogPluginManager: Mounting plugin OpenXREyeTracker
LogPluginManager: Mounting plugin OpenXRHandTracking
LogPluginManager: Mounting plugin ScreenshotTools
LogPluginManager: Mounting plugin PostSplashScreen
LogPluginManager: Mounting plugin PhysXVehicles
LogPluginManager: Mounting plugin ProceduralMeshComponent
LogPluginManager: Mounting plugin PropertyAccessEditor
LogPluginManager: Mounting plugin SignificanceManager
LogPluginManager: Mounting plugin RuntimePhysXCooking
LogPluginManager: Mounting plugin SoundFields
LogPluginManager: Mounting plugin Synthesis
LogPluginManager: Mounting plugin WebMMoviePlayer
LogPluginManager: Mounting plugin WindowsMoviePlayer
LogPluginManager: Mounting plugin Takes
LogPluginManager: Mounting plugin CLionSourceCodeAccess
LogPluginManager: Mounting plugin CodeLiteSourceCodeAccess
LogPluginManager: Mounting plugin GitSourceControl
LogPluginManager: Mounting plugin AnimationSharing
LogPluginManager: Mounting plugin KDevelopSourceCodeAccess
LogPluginManager: Mounting plugin PerforceSourceControl
LogPluginManager: Mounting plugin PixWinPlugin
LogPluginManager: Mounting plugin NullSourceCodeAccess
LogPluginManager: Mounting plugin PlasticSourceControl
LogPluginManager: Mounting plugin PluginUtils
LogPluginManager: Mounting plugin AlembicImporter
LogPluginManager: Mounting plugin PropertyAccessNode
LogPluginManager: Mounting plugin SubversionSourceControl
LogPluginManager: Mounting plugin RiderSourceCodeAccess
LogPluginManager: Mounting plugin AutomationUtils
LogPluginManager: Mounting plugin TextureFormatOodle
LogPluginManager: Mounting plugin BackChannel
LogPluginManager: Mounting plugin UObjectPlugin
LogPluginManager: Mounting plugin ChaosClothEditor
LogPluginManager: Mounting plugin ChaosNiagara
LogPluginManager: Mounting plugin ChaosCloth
LogPluginManager: Mounting plugin VisualStudioCodeSourceCodeAccess
LogPluginManager: Mounting plugin ChaosEditor
LogPluginManager: Mounting plugin ChaosSolverPlugin
LogPluginManager: Mounting plugin VisualStudioSourceCodeAccess
LogPluginManager: Mounting plugin XCodeSourceCodeAccess
LogPluginManager: Mounting plugin CharacterAI
LogPluginManager: Mounting plugin GeometryCache
LogPluginManager: Mounting plugin GeometryProcessing
LogPluginManager: Mounting plugin GeometryCollectionPlugin
LogPluginManager: Mounting plugin MotoSynth
LogPluginManager: Mounting plugin OpenImageDenoise
LogPluginManager: Mounting plugin PlanarCut
LogPluginManager: Mounting plugin PlatformCrypto
LogPluginManager: Mounting plugin ProxyLODPlugin
LogPluginManager: Mounting plugin PythonScriptPlugin
LogPluginManager: Mounting plugin SkeletalReduction
LogPluginManager: Mounting plugin ContentBrowserAssetDataSource
LogPluginManager: Mounting plugin ContentBrowserClassDataSource
LogPluginManager: Mounting plugin ContentBrowserFileDataSource
LogPluginManager: Mounting plugin OnlineSubsystemGooglePlay
LogPluginManager: Mounting plugin OnlineSubsystemIOS
LogPluginManager: Mounting plugin OculusVR
LogPluginManager: Mounting plugin SteamVR
LogInit: Using libcurl 7.55.1-DEV
LogInit:  - built for x86_64-pc-win32
LogInit:  - supports SSL with OpenSSL/1.1.1
LogInit:  - supports HTTP deflate (compression) using libz 1.2.8
LogInit:  - other features:
LogInit:      CURL_VERSION_SSL
LogInit:      CURL_VERSION_LIBZ
LogInit:      CURL_VERSION_IPV6
LogInit:      CURL_VERSION_ASYNCHDNS
LogInit:      CURL_VERSION_LARGEFILE
LogInit:      CURL_VERSION_IDN
LogInit:  CurlRequestOptions (configurable via config and command line):
LogInit:  - bVerifyPeer = true  - Libcurl will verify peer certificate
LogInit:  - bUseHttpProxy = false  - Libcurl will NOT use HTTP proxy
LogInit:  - bDontReuseConnections = false  - Libcurl will reuse connections
LogInit:  - MaxHostConnections = 16  - Libcurl will limit the number of connections to a host
LogInit:  - LocalHostAddr = Default
LogInit:  - BufferSize = 65536
LogOnline: OSS: Creating online subsystem instance for: NULL
LogInit: WinSock: version 1.1 (2.2), MaxSocks=32767, MaxUdp=65467
LogOnline: OSS: TryLoadSubsystemAndSetDefault: Loaded subsystem for module [NULL]
PixWinPlugin: PIX capture plugin failed to initialize! Check that the process is launched from PIX.
LogInit: Build: ++UE4+Release-4.27-CL-18319896
LogInit: Engine Version: 4.27.2-18319896+++UE4+Release-4.27
LogInit: Compatible Engine Version: 4.27.0-17155196+++UE4+Release-4.27
LogInit: Net CL: 17155196
LogInit: OS: Windows 10 (Release 2009) (), CPU: Intel(R) Core(TM) i5-10300H CPU @ 2.50GHz, GPU: Intel(R) UHD Graphics
LogInit: Compiled (64-bit): Nov 30 2021 07:12:08
LogInit: Compiled with Visual C++: 19.24.28315.00
LogInit: Build Configuration: Development
LogInit: Branch Name: ++UE4+Release-4.27
LogInit: Command Line:  C:\Users\Usuario\Desktop\Arcanoid_Singletom\Arcanoid.uproject -run=VisualStudioTools -unattended -noshadercompile -noaudio -nullrhi -nocpuprofilertrace -nocrashreports -nosplash -output C:\Users\Usuario\AppData\Local\Temp\tmp2518.tmp
LogInit: Base Directory: C:/Program Files/Epic Games/UE_4.27/Engine/Binaries/Win64/
LogInit: Allocator: TBB
LogInit: Installed Engine Build: 1
LogDevObjectVersion: Number of dev versions registered: 29
LogDevObjectVersion:   Dev-Blueprints (B0D832E4-1F89-4F0D-ACCF-7EB736FD4AA2): 10
LogDevObjectVersion:   Dev-Build (E1C64328-A22C-4D53-A36C-8E866417BD8C): 0
LogDevObjectVersion:   Dev-Core (375EC13C-06E4-48FB-B500-84F0262A717E): 4
LogDevObjectVersion:   Dev-Editor (E4B068ED-F494-42E9-A231-DA0B2E46BB41): 40
LogDevObjectVersion:   Dev-Framework (CFFC743F-43B0-4480-9391-14DF171D2073): 37
LogDevObjectVersion:   Dev-Mobile (B02B49B5-BB20-44E9-A304-32B752E40360): 3
LogDevObjectVersion:   Dev-Networking (A4E4105C-59A1-49B5-A7C5-40C4547EDFEE): 0
LogDevObjectVersion:   Dev-Online (39C831C9-5AE6-47DC-9A44-9C173E1C8E7C): 0
LogDevObjectVersion:   Dev-Physics (78F01B33-EBEA-4F98-B9B4-84EACCB95AA2): 14
LogDevObjectVersion:   Dev-Platform (6631380F-2D4D-43E0-8009-CF276956A95A): 0
LogDevObjectVersion:   Dev-Rendering (12F88B9F-8875-4AFC-A67C-D90C383ABD29): 45
LogDevObjectVersion:   Dev-Sequencer (7B5AE74C-D270-4C10-A958-57980B212A5A): 13
LogDevObjectVersion:   Dev-VR (D7296918-1DD6-4BDD-9DE2-64A83CC13884): 3
LogDevObjectVersion:   Dev-LoadTimes (C2A15278-BFE7-4AFE-6C17-90FF531DF755): 1
LogDevObjectVersion:   Private-Geometry (6EACA3D4-40EC-4CC1-B786-8BED09428FC5): 3
LogDevObjectVersion:   Dev-AnimPhys (29E575DD-E0A3-4627-9D10-D276232CDCEA): 17
LogDevObjectVersion:   Dev-Anim (AF43A65D-7FD3-4947-9873-3E8ED9C1BB05): 15
LogDevObjectVersion:   Dev-ReflectionCapture (6B266CEC-1EC7-4B8F-A30B-E4D90942FC07): 1
LogDevObjectVersion:   Dev-Automation (0DF73D61-A23F-47EA-B727-89E90C41499A): 1
LogDevObjectVersion:   FortniteMain (601D1886-AC64-4F84-AA16-D3DE0DEAC7D6): 47
LogDevObjectVersion:   FortniteRelease (E7086368-6B23-4C58-8439-1B7016265E91): 1
LogDevObjectVersion:   Dev-Enterprise (9DFFBCD6-494F-0158-E221-12823C92A888): 10
LogDevObjectVersion:   Dev-Niagara (F2AED0AC-9AFE-416F-8664-AA7FFA26D6FC): 1
LogDevObjectVersion:   Dev-Destruction (174F1F0B-B4C6-45A5-B13F-2EE8D0FB917D): 10
LogDevObjectVersion:   Dev-Physics-Ext (35F94A83-E258-406C-A318-09F59610247C): 41
LogDevObjectVersion:   Dev-PhysicsMaterial-Chaos (B68FC16E-8B1B-42E2-B453-215C058844FE): 1
LogDevObjectVersion:   Dev-CineCamera (B2E18506-4273-CFC2-A54E-F4BB758BBA07): 1
LogDevObjectVersion:   Dev-VirtualProduction (64F58936-FD1B-42BA-BA96-7289D5D0FA4E): 1
LogDevObjectVersion:   Dev-MediaFramework (6F0ED827-A609-4895-9C91-998D90180EA4): 2
LogInit: Presizing for max 25165824 objects, including 0 objects not considered by GC, pre-allocating 0 bytes for permanent pool.
LogConfig: Applying CVar settings from Section [/Script/Engine.StreamingSettings] File [C:/Users/Usuario/Desktop/Arcanoid_Singletom/Saved/Config/Windows/Engine.ini]
LogConfig: Setting CVar [[s.MinBulkDataSizeForAsyncLoading:131072]]
LogConfig: Setting CVar [[s.AsyncLoadingThreadEnabled:0]]
LogConfig: Setting CVar [[s.EventDrivenLoaderEnabled:1]]
LogConfig: Setting CVar [[s.WarnIfTimeLimitExceeded:0]]
LogConfig: Setting CVar [[s.TimeLimitExceededMultiplier:1.5]]
LogConfig: Setting CVar [[s.TimeLimitExceededMinTime:0.005]]
LogConfig: Setting CVar [[s.UseBackgroundLevelStreaming:1]]
LogConfig: Setting CVar [[s.PriorityAsyncLoadingExtraTime:15.0]]
LogConfig: Setting CVar [[s.LevelStreamingActorsUpdateTimeLimit:5.0]]
LogConfig: Setting CVar [[s.PriorityLevelStreamingActorsUpdateExtraTime:5.0]]
LogConfig: Setting CVar [[s.LevelStreamingComponentsRegistrationGranularity:10]]
LogConfig: Setting CVar [[s.UnregisterComponentsTimeLimit:1.0]]
LogConfig: Setting CVar [[s.LevelStreamingComponentsUnregistrationGranularity:5]]
LogConfig: Setting CVar [[s.FlushStreamingOnExit:1]]
LogInit: Object subsystem initialized
LogConfig: Setting CVar [[con.DebugEarlyDefault:1]]
LogConfig: Setting CVar [[r.setres:1280x720]]
[2022.11.16-23.13.13:179][  0]LogConfig: Setting CVar [[con.DebugEarlyDefault:1]]
[2022.11.16-23.13.13:179][  0]LogConfig: Setting CVar [[r.setres:1280x720]]
[2022.11.16-23.13.13:180][  0]LogConfig: Applying CVar settings from Section [/Script/Engine.RendererSettings] File [C:/Users/Usuario/Desktop/Arcanoid_Singletom/Saved/Config/Windows/Engine.ini]
[2022.11.16-23.13.13:180][  0]LogConfig: Setting CVar [[r.GPUCrashDebugging:0]]
[2022.11.16-23.13.13:180][  0]LogConfig: Applying CVar settings from Section [/Script/Engine.RendererOverrideSettings] File [C:/Users/Usuario/Desktop/Arcanoid_Singletom/Saved/Config/Windows/Engine.ini]
[2022.11.16-23.13.13:180][  0]LogConfig: Applying CVar settings from Section [/Script/Engine.StreamingSettings] File [C:/Users/Usuario/Desktop/Arcanoid_Singletom/Saved/Config/Windows/Engine.ini]
[2022.11.16-23.13.13:180][  0]LogConfig: Setting CVar [[s.MinBulkDataSizeForAsyncLoading:131072]]
[2022.11.16-23.13.13:180][  0]LogConfig: Setting CVar [[s.AsyncLoadingThreadEnabled:0]]
[2022.11.16-23.13.13:180][  0]LogConfig: Setting CVar [[s.EventDrivenLoaderEnabled:1]]
[2022.11.16-23.13.13:180][  0]LogConfig: Setting CVar [[s.WarnIfTimeLimitExceeded:0]]
[2022.11.16-23.13.13:180][  0]LogConfig: Setting CVar [[s.TimeLimitExceededMultiplier:1.5]]
[2022.11.16-23.13.13:180][  0]LogConfig: Setting CVar [[s.TimeLimitExceededMinTime:0.005]]
[2022.11.16-23.13.13:180][  0]LogConfig: Setting CVar [[s.UseBackgroundLevelStreaming:1]]
[2022.11.16-23.13.13:180][  0]LogConfig: Setting CVar [[s.PriorityAsyncLoadingExtraTime:15.0]]
[2022.11.16-23.13.13:180][  0]LogConfig: Setting CVar [[s.LevelStreamingActorsUpdateTimeLimit:5.0]]
[2022.11.16-23.13.13:180][  0]LogConfig: Setting CVar [[s.PriorityLevelStreamingActorsUpdateExtraTime:5.0]]
[2022.11.16-23.13.13:180][  0]LogConfig: Setting CVar [[s.LevelStreamingComponentsRegistrationGranularity:10]]
[2022.11.16-23.13.13:180][  0]LogConfig: Setting CVar [[s.UnregisterComponentsTimeLimit:1.0]]
[2022.11.16-23.13.13:180][  0]LogConfig: Setting CVar [[s.LevelStreamingComponentsUnregistrationGranularity:5]]
[2022.11.16-23.13.13:180][  0]LogConfig: Setting CVar [[s.FlushStreamingOnExit:1]]
[2022.11.16-23.13.13:180][  0]LogConfig: Applying CVar settings from Section [/Script/Engine.GarbageCollectionSettings] File [C:/Users/Usuario/Desktop/Arcanoid_Singletom/Saved/Config/Windows/Engine.ini]
[2022.11.16-23.13.13:180][  0]LogConfig: Setting CVar [[gc.MaxObjectsNotConsideredByGC:1]]
[2022.11.16-23.13.13:180][  0]LogConfig: Setting CVar [[gc.SizeOfPermanentObjectPool:0]]
[2022.11.16-23.13.13:180][  0]LogConfig: Setting CVar [[gc.FlushStreamingOnGC:0]]
[2022.11.16-23.13.13:180][  0]LogConfig: Setting CVar [[gc.NumRetriesBeforeForcingGC:10]]
[2022.11.16-23.13.13:180][  0]LogConfig: Setting CVar [[gc.AllowParallelGC:1]]
[2022.11.16-23.13.13:180][  0]LogConfig: Setting CVar [[gc.TimeBetweenPurgingPendingKillObjects:61.1]]
[2022.11.16-23.13.13:180][  0]LogConfig: Setting CVar [[gc.MaxObjectsInEditor:25165824]]
[2022.11.16-23.13.13:180][  0]LogConfig: Setting CVar [[gc.IncrementalBeginDestroyEnabled:1]]
[2022.11.16-23.13.13:180][  0]LogConfig: Setting CVar [[gc.CreateGCClusters:1]]
[2022.11.16-23.13.13:180][  0]LogConfig: Setting CVar [[gc.MinGCClusterSize:5]]
[2022.11.16-23.13.13:180][  0]LogConfig: Setting CVar [[gc.ActorClusteringEnabled:0]]
[2022.11.16-23.13.13:180][  0]LogConfig: Setting CVar [[gc.BlueprintClusteringEnabled:0]]
[2022.11.16-23.13.13:180][  0]LogConfig: Setting CVar [[gc.UseDisregardForGCOnDedicatedServers:0]]
[2022.11.16-23.13.13:180][  0]LogConfig: Setting CVar [[gc.MultithreadedDestructionEnabled:1]]
[2022.11.16-23.13.13:180][  0]LogConfig: Applying CVar settings from Section [/Script/Engine.NetworkSettings] File [C:/Users/Usuario/Desktop/Arcanoid_Singletom/Saved/Config/Windows/Engine.ini]
[2022.11.16-23.13.13:180][  0]LogConfig: Applying CVar settings from Section [/Script/UnrealEd.CookerSettings] File [C:/Users/Usuario/Desktop/Arcanoid_Singletom/Saved/Config/Windows/Engine.ini]
[2022.11.16-23.13.13:180][  0]LogConfig: Applying CVar settings from Section [ViewDistanceQuality@3] File [C:/Users/Usuario/Desktop/Arcanoid_Singletom/Saved/Config/Windows/Scalability.ini]
[2022.11.16-23.13.13:181][  0]LogConfig: Setting CVar [[r.SkeletalMeshLODBias:0]]
[2022.11.16-23.13.13:181][  0]LogConfig: Setting CVar [[r.ViewDistanceScale:1.0]]
[2022.11.16-23.13.13:181][  0]LogConfig: Applying CVar settings from Section [AntiAliasingQuality@3] File [C:/Users/Usuario/Desktop/Arcanoid_Singletom/Saved/Config/Windows/Scalability.ini]
[2022.11.16-23.13.13:181][  0]LogConfig: Setting CVar [[r.PostProcessAAQuality:4]]
[2022.11.16-23.13.13:181][  0]LogConfig: Applying CVar settings from Section [ShadowQuality@3] File [C:/Users/Usuario/Desktop/Arcanoid_Singletom/Saved/Config/Windows/Scalability.ini]
[2022.11.16-23.13.13:181][  0]LogConfig: Setting CVar [[r.LightFunctionQuality:1]]
[2022.11.16-23.13.13:181][  0]LogConfig: Setting CVar [[r.ShadowQuality:5]]
[2022.11.16-23.13.13:181][  0]LogConfig: Setting CVar [[r.Shadow.CSM.MaxCascades:10]]
[2022.11.16-23.13.13:181][  0]LogConfig: Setting CVar [[r.Shadow.MaxResolution:2048]]
[2022.11.16-23.13.13:181][  0]LogConfig: Setting CVar [[r.Shadow.MaxCSMResolution:2048]]
[2022.11.16-23.13.13:181][  0]LogConfig: Setting CVar [[r.Shadow.RadiusThreshold:0.01]]
[2022.11.16-23.13.13:181][  0]LogConfig: Setting CVar [[r.Shadow.DistanceScale:1.0]]
[2022.11.16-23.13.13:181][  0]LogConfig: Setting CVar [[r.Shadow.CSM.TransitionScale:1.0]]
[2022.11.16-23.13.13:181][  0]LogConfig: Setting CVar [[r.Shadow.PreShadowResolutionFactor:1.0]]
[2022.11.16-23.13.13:181][  0]LogConfig: Setting CVar [[r.DistanceFieldShadowing:1]]
[2022.11.16-23.13.13:181][  0]LogConfig: Setting CVar [[r.DistanceFieldAO:1]]
[2022.11.16-23.13.13:181][  0]LogConfig: Setting CVar [[r.AOQuality:2]]
[2022.11.16-23.13.13:181][  0]LogConfig: Setting CVar [[r.VolumetricFog:1]]
[2022.11.16-23.13.13:181][  0]LogConfig: Setting CVar [[r.VolumetricFog.GridPixelSize:8]]
[2022.11.16-23.13.13:181][  0]LogConfig: Setting CVar [[r.VolumetricFog.GridSizeZ:128]]
[2022.11.16-23.13.13:181][  0]LogConfig: Setting CVar [[r.VolumetricFog.HistoryMissSupersampleCount:4]]
[2022.11.16-23.13.13:181][  0]LogConfig: Setting CVar [[r.LightMaxDrawDistanceScale:1]]
[2022.11.16-23.13.13:181][  0]LogConfig: Setting CVar [[r.CapsuleShadows:1]]
[2022.11.16-23.13.13:181][  0]LogConfig: Applying CVar settings from Section [PostProcessQuality@3] File [C:/Users/Usuario/Desktop/Arcanoid_Singletom/Saved/Config/Windows/Scalability.ini]
[2022.11.16-23.13.13:181][  0]LogConfig: Setting CVar [[r.MotionBlurQuality:4]]
[2022.11.16-23.13.13:181][  0]LogConfig: Setting CVar [[r.AmbientOcclusionMipLevelFactor:0.4]]
[2022.11.16-23.13.13:181][  0]LogConfig: Setting CVar [[r.AmbientOcclusionMaxQuality:100]]
[2022.11.16-23.13.13:181][  0]LogConfig: Setting CVar [[r.AmbientOcclusionLevels:-1]]
[2022.11.16-23.13.13:181][  0]LogConfig: Setting CVar [[r.AmbientOcclusionRadiusScale:1.0]]
[2022.11.16-23.13.13:181][  0]LogConfig: Setting CVar [[r.DepthOfFieldQuality:2]]
[2022.11.16-23.13.13:181][  0]LogConfig: Setting CVar [[r.RenderTargetPoolMin:400]]
[2022.11.16-23.13.13:181][  0]LogConfig: Setting CVar [[r.LensFlareQuality:2]]
[2022.11.16-23.13.13:181][  0]LogConfig: Setting CVar [[r.SceneColorFringeQuality:1]]
[2022.11.16-23.13.13:181][  0]LogConfig: Setting CVar [[r.EyeAdaptationQuality:2]]
[2022.11.16-23.13.13:181][  0]LogConfig: Setting CVar [[r.BloomQuality:5]]
[2022.11.16-23.13.13:181][  0]LogConfig: Setting CVar [[r.FastBlurThreshold:100]]
[2022.11.16-23.13.13:181][  0]LogConfig: Setting CVar [[r.Upscale.Quality:3]]
[2022.11.16-23.13.13:181][  0]LogConfig: Setting CVar [[r.Tonemapper.GrainQuantization:1]]
[2022.11.16-23.13.13:181][  0]LogConfig: Setting CVar [[r.LightShaftQuality:1]]
[2022.11.16-23.13.13:181][  0]LogConfig: Setting CVar [[r.Filter.SizeScale:1]]
[2022.11.16-23.13.13:181][  0]LogConfig: Setting CVar [[r.Tonemapper.Quality:5]]
[2022.11.16-23.13.13:181][  0]LogConfig: Setting CVar [[r.DOF.Gather.AccumulatorQuality:1        ; higher gathering accumulator quality]]
[2022.11.16-23.13.13:181][  0]LogConfig: Setting CVar [[r.DOF.Gather.PostfilterMethod:1          ; Median3x3 postfilering method]]
[2022.11.16-23.13.13:181][  0]LogConfig: Setting CVar [[r.DOF.Gather.EnableBokehSettings:0       ; no bokeh simulation when gathering]]
[2022.11.16-23.13.13:181][  0]LogConfig: Setting CVar [[r.DOF.Gather.RingCount:4                 ; medium number of samples when gathering]]
[2022.11.16-23.13.13:181][  0]LogConfig: Setting CVar [[r.DOF.Scatter.ForegroundCompositing:1    ; additive foreground scattering]]
[2022.11.16-23.13.13:181][  0]LogConfig: Setting CVar [[r.DOF.Scatter.BackgroundCompositing:2    ; additive background scattering]]
[2022.11.16-23.13.13:181][  0]LogConfig: Setting CVar [[r.DOF.Scatter.EnableBokehSettings:1      ; bokeh simulation when scattering]]
[2022.11.16-23.13.13:181][  0]LogConfig: Setting CVar [[r.DOF.Scatter.MaxSpriteRatio:0.1         ; only a maximum of 10% of scattered bokeh]]
[2022.11.16-23.13.13:181][  0]LogConfig: Setting CVar [[r.DOF.Recombine.Quality:1                ; cheap slight out of focus]]
[2022.11.16-23.13.13:181][  0]LogConfig: Setting CVar [[r.DOF.Recombine.EnableBokehSettings:0    ; no bokeh simulation on slight out of focus]]
[2022.11.16-23.13.13:181][  0]LogConfig: Setting CVar [[r.DOF.TemporalAAQuality:1                ; more stable temporal accumulation]]
[2022.11.16-23.13.13:181][  0]LogConfig: Setting CVar [[r.DOF.Kernel.MaxForegroundRadius:0.025]]
[2022.11.16-23.13.13:181][  0]LogConfig: Setting CVar [[r.DOF.Kernel.MaxBackgroundRadius:0.025]]
[2022.11.16-23.13.13:181][  0]LogConfig: Applying CVar settings from Section [TextureQuality@3] File [C:/Users/Usuario/Desktop/Arcanoid_Singletom/Saved/Config/Windows/Scalability.ini]
[2022.11.16-23.13.13:181][  0]LogConfig: Setting CVar [[r.Streaming.MipBias:0]]
[2022.11.16-23.13.13:181][  0]LogConfig: Setting CVar [[r.Streaming.AmortizeCPUToGPUCopy:0]]
[2022.11.16-23.13.13:181][  0]LogConfig: Setting CVar [[r.Streaming.MaxNumTexturesToStreamPerFrame:0]]
[2022.11.16-23.13.13:181][  0]LogConfig: Setting CVar [[r.Streaming.Boost:1]]
[2022.11.16-23.13.13:181][  0]LogConfig: Setting CVar [[r.MaxAnisotropy:8]]
[2022.11.16-23.13.13:181][  0]LogConfig: Setting CVar [[r.VT.MaxAnisotropy:8]]
[2022.11.16-23.13.13:181][  0]LogConfig: Setting CVar [[r.Streaming.LimitPoolSizeToVRAM:0]]
[2022.11.16-23.13.13:181][  0]LogConfig: Setting CVar [[r.Streaming.PoolSize:1000]]
[2022.11.16-23.13.13:181][  0]LogConfig: Setting CVar [[r.Streaming.MaxEffectiveScreenSize:0]]
[2022.11.16-23.13.13:181][  0]LogConfig: Applying CVar settings from Section [EffectsQuality@3] File [C:/Users/Usuario/Desktop/Arcanoid_Singletom/Saved/Config/Windows/Scalability.ini]
[2022.11.16-23.13.13:181][  0]LogConfig: Setting CVar [[r.TranslucencyLightingVolumeDim:64]]
[2022.11.16-23.13.13:181][  0]LogConfig: Setting CVar [[r.RefractionQuality:2]]
[2022.11.16-23.13.13:181][  0]LogConfig: Setting CVar [[r.SSR.Quality:3]]
[2022.11.16-23.13.13:181][  0]LogConfig: Setting CVar [[r.SSR.HalfResSceneColor:0]]
[2022.11.16-23.13.13:181][  0]LogConfig: Setting CVar [[r.SceneColorFormat:4]]
[2022.11.16-23.13.13:181][  0]LogConfig: Setting CVar [[r.DetailMode:2]]
[2022.11.16-23.13.13:181][  0]LogConfig: Setting CVar [[r.TranslucencyVolumeBlur:1]]
[2022.11.16-23.13.13:181][  0]LogConfig: Setting CVar [[r.MaterialQualityLevel:1 ; High quality]]
[2022.11.16-23.13.13:181][  0]LogConfig: Setting CVar [[r.AnisotropicMaterials:1]]
[2022.11.16-23.13.13:181][  0]LogConfig: Setting CVar [[r.SSS.Scale:1]]
[2022.11.16-23.13.13:181][  0]LogConfig: Setting CVar [[r.SSS.SampleSet:2]]
[2022.11.16-23.13.13:181][  0]LogConfig: Setting CVar [[r.SSS.Quality:1]]
[2022.11.16-23.13.13:181][  0]LogConfig: Setting CVar [[r.SSS.HalfRes:0]]
[2022.11.16-23.13.13:181][  0]LogConfig: Setting CVar [[r.SSGI.Quality:3]]
[2022.11.16-23.13.13:181][  0]LogConfig: Setting CVar [[r.EmitterSpawnRateScale:1.0]]
[2022.11.16-23.13.13:181][  0]LogConfig: Setting CVar [[r.ParticleLightQuality:2]]
[2022.11.16-23.13.13:181][  0]LogConfig: Setting CVar [[r.SkyAtmosphere.AerialPerspectiveLUT.FastApplyOnOpaque:1 ; Always have FastSkyLUT 1 in this case to avoid wrong sky]]
[2022.11.16-23.13.13:181][  0]LogConfig: Setting CVar [[r.SkyAtmosphere.AerialPerspectiveLUT.SampleCountMaxPerSlice:4]]
[2022.11.16-23.13.13:181][  0]LogConfig: Setting CVar [[r.SkyAtmosphere.AerialPerspectiveLUT.DepthResolution:16.0]]
[2022.11.16-23.13.13:181][  0]LogConfig: Setting CVar [[r.SkyAtmosphere.FastSkyLUT:1]]
[2022.11.16-23.13.13:181][  0]LogConfig: Setting CVar [[r.SkyAtmosphere.FastSkyLUT.SampleCountMin:4.0]]
[2022.11.16-23.13.13:181][  0]LogConfig: Setting CVar [[r.SkyAtmosphere.FastSkyLUT.SampleCountMax:128.0]]
[2022.11.16-23.13.13:181][  0]LogConfig: Setting CVar [[r.SkyAtmosphere.SampleCountMin:4.0]]
[2022.11.16-23.13.13:181][  0]LogConfig: Setting CVar [[r.SkyAtmosphere.SampleCountMax:128.0]]
[2022.11.16-23.13.13:181][  0]LogConfig: Setting CVar [[r.SkyAtmosphere.TransmittanceLUT.UseSmallFormat:0]]
[2022.11.16-23.13.13:181][  0]LogConfig: Setting CVar [[r.SkyAtmosphere.TransmittanceLUT.SampleCount:10.0]]
[2022.11.16-23.13.13:181][  0]LogConfig: Setting CVar [[r.SkyAtmosphere.MultiScatteringLUT.SampleCount:15.0]]
[2022.11.16-23.13.13:181][  0]LogConfig: Setting CVar [[r.SkyLight.RealTimeReflectionCapture:1]]
[2022.11.16-23.13.13:181][  0]LogConfig: Applying CVar settings from Section [FoliageQuality@3] File [C:/Users/Usuario/Desktop/Arcanoid_Singletom/Saved/Config/Windows/Scalability.ini]
[2022.11.16-23.13.13:181][  0]LogConfig: Setting CVar [[foliage.DensityScale:1.0]]
[2022.11.16-23.13.13:181][  0]LogConfig: Setting CVar [[grass.DensityScale:1.0]]
[2022.11.16-23.13.13:181][  0]LogConfig: Applying CVar settings from Section [ShadingQuality@3] File [C:/Users/Usuario/Desktop/Arcanoid_Singletom/Saved/Config/Windows/Scalability.ini]
[2022.11.16-23.13.13:181][  0]LogConfig: Setting CVar [[r.HairStrands.SkyLighting.IntegrationType:2]]
[2022.11.16-23.13.13:181][  0]LogConfig: Setting CVar [[r.HairStrands.SkyAO.SampleCount:4]]
[2022.11.16-23.13.13:181][  0]LogConfig: Setting CVar [[r.HairStrands.Visibility.MSAA.SamplePerPixel:4]]
[2022.11.16-23.13.13:185][  0]LogInit: Selected Device Profile: [Windows]
[2022.11.16-23.13.13:185][  0]LogInit: Applying CVar settings loaded from the selected device profile: [Windows]
[2022.11.16-23.13.13:186][  0]LogHAL: Display: Platform has ~ 8 GB [8419024896 / 8589934592 / 8], which maps to Default [LargestMinGB=32, LargerMinGB=12, DefaultMinGB=8, SmallerMinGB=6, SmallestMinGB=0)
[2022.11.16-23.13.13:186][  0]LogInit: Going up to parent DeviceProfile []
[2022.11.16-23.13.13:187][  0]LogConfig: Applying CVar settings from Section [ViewDistanceQuality@3] File [C:/Users/Usuario/Desktop/Arcanoid_Singletom/Saved/Config/Windows/Scalability.ini]
[2022.11.16-23.13.13:187][  0]LogConfig: Setting CVar [[r.SkeletalMeshLODBias:0]]
[2022.11.16-23.13.13:187][  0]LogConfig: Setting CVar [[r.ViewDistanceScale:1.0]]
[2022.11.16-23.13.13:187][  0]LogConfig: Applying CVar settings from Section [AntiAliasingQuality@3] File [C:/Users/Usuario/Desktop/Arcanoid_Singletom/Saved/Config/Windows/Scalability.ini]
[2022.11.16-23.13.13:187][  0]LogConfig: Setting CVar [[r.PostProcessAAQuality:4]]
[2022.11.16-23.13.13:187][  0]LogConfig: Applying CVar settings from Section [ShadowQuality@3] File [C:/Users/Usuario/Desktop/Arcanoid_Singletom/Saved/Config/Windows/Scalability.ini]
[2022.11.16-23.13.13:187][  0]LogConfig: Setting CVar [[r.LightFunctionQuality:1]]
[2022.11.16-23.13.13:187][  0]LogConfig: Setting CVar [[r.ShadowQuality:5]]
[2022.11.16-23.13.13:187][  0]LogConfig: Setting CVar [[r.Shadow.CSM.MaxCascades:10]]
[2022.11.16-23.13.13:187][  0]LogConfig: Setting CVar [[r.Shadow.MaxResolution:2048]]
[2022.11.16-23.13.13:187][  0]LogConfig: Setting CVar [[r.Shadow.MaxCSMResolution:2048]]
[2022.11.16-23.13.13:187][  0]LogConfig: Setting CVar [[r.Shadow.RadiusThreshold:0.01]]
[2022.11.16-23.13.13:187][  0]LogConfig: Setting CVar [[r.Shadow.DistanceScale:1.0]]
[2022.11.16-23.13.13:187][  0]LogConfig: Setting CVar [[r.Shadow.CSM.TransitionScale:1.0]]
[2022.11.16-23.13.13:187][  0]LogConfig: Setting CVar [[r.Shadow.PreShadowResolutionFactor:1.0]]
[2022.11.16-23.13.13:187][  0]LogConfig: Setting CVar [[r.DistanceFieldShadowing:1]]
[2022.11.16-23.13.13:187][  0]LogConfig: Setting CVar [[r.DistanceFieldAO:1]]
[2022.11.16-23.13.13:187][  0]LogConfig: Setting CVar [[r.AOQuality:2]]
[2022.11.16-23.13.13:187][  0]LogConfig: Setting CVar [[r.VolumetricFog:1]]
[2022.11.16-23.13.13:187][  0]LogConfig: Setting CVar [[r.VolumetricFog.GridPixelSize:8]]
[2022.11.16-23.13.13:187][  0]LogConfig: Setting CVar [[r.VolumetricFog.GridSizeZ:128]]
[2022.11.16-23.13.13:187][  0]LogConfig: Setting CVar [[r.VolumetricFog.HistoryMissSupersampleCount:4]]
[2022.11.16-23.13.13:187][  0]LogConfig: Setting CVar [[r.LightMaxDrawDistanceScale:1]]
[2022.11.16-23.13.13:187][  0]LogConfig: Setting CVar [[r.CapsuleShadows:1]]
[2022.11.16-23.13.13:187][  0]LogConfig: Applying CVar settings from Section [PostProcessQuality@3] File [C:/Users/Usuario/Desktop/Arcanoid_Singletom/Saved/Config/Windows/Scalability.ini]
[2022.11.16-23.13.13:187][  0]LogConfig: Setting CVar [[r.MotionBlurQuality:4]]
[2022.11.16-23.13.13:187][  0]LogConfig: Setting CVar [[r.AmbientOcclusionMipLevelFactor:0.4]]
[2022.11.16-23.13.13:187][  0]LogConfig: Setting CVar [[r.AmbientOcclusionMaxQuality:100]]
[2022.11.16-23.13.13:187][  0]LogConfig: Setting CVar [[r.AmbientOcclusionLevels:-1]]
[2022.11.16-23.13.13:187][  0]LogConfig: Setting CVar [[r.AmbientOcclusionRadiusScale:1.0]]
[2022.11.16-23.13.13:187][  0]LogConfig: Setting CVar [[r.DepthOfFieldQuality:2]]
[2022.11.16-23.13.13:187][  0]LogConfig: Setting CVar [[r.RenderTargetPoolMin:400]]
[2022.11.16-23.13.13:187][  0]LogConfig: Setting CVar [[r.LensFlareQuality:2]]
[2022.11.16-23.13.13:187][  0]LogConfig: Setting CVar [[r.SceneColorFringeQuality:1]]
[2022.11.16-23.13.13:187][  0]LogConfig: Setting CVar [[r.EyeAdaptationQuality:2]]
[2022.11.16-23.13.13:187][  0]LogConfig: Setting CVar [[r.BloomQuality:5]]
[2022.11.16-23.13.13:187][  0]LogConfig: Setting CVar [[r.FastBlurThreshold:100]]
[2022.11.16-23.13.13:187][  0]LogConfig: Setting CVar [[r.Upscale.Quality:3]]
[2022.11.16-23.13.13:187][  0]LogConfig: Setting CVar [[r.Tonemapper.GrainQuantization:1]]
[2022.11.16-23.13.13:187][  0]LogConfig: Setting CVar [[r.LightShaftQuality:1]]
[2022.11.16-23.13.13:187][  0]LogConfig: Setting CVar [[r.Filter.SizeScale:1]]
[2022.11.16-23.13.13:187][  0]LogConfig: Setting CVar [[r.Tonemapper.Quality:5]]
[2022.11.16-23.13.13:187][  0]LogConfig: Setting CVar [[r.DOF.Gather.AccumulatorQuality:1        ; higher gathering accumulator quality]]
[2022.11.16-23.13.13:187][  0]LogConfig: Setting CVar [[r.DOF.Gather.PostfilterMethod:1          ; Median3x3 postfilering method]]
[2022.11.16-23.13.13:187][  0]LogConfig: Setting CVar [[r.DOF.Gather.EnableBokehSettings:0       ; no bokeh simulation when gathering]]
[2022.11.16-23.13.13:187][  0]LogConfig: Setting CVar [[r.DOF.Gather.RingCount:4                 ; medium number of samples when gathering]]
[2022.11.16-23.13.13:187][  0]LogConfig: Setting CVar [[r.DOF.Scatter.ForegroundCompositing:1    ; additive foreground scattering]]
[2022.11.16-23.13.13:187][  0]LogConfig: Setting CVar [[r.DOF.Scatter.BackgroundCompositing:2    ; additive background scattering]]
[2022.11.16-23.13.13:187][  0]LogConfig: Setting CVar [[r.DOF.Scatter.EnableBokehSettings:1      ; bokeh simulation when scattering]]
[2022.11.16-23.13.13:187][  0]LogConfig: Setting CVar [[r.DOF.Scatter.MaxSpriteRatio:0.1         ; only a maximum of 10% of scattered bokeh]]
[2022.11.16-23.13.13:187][  0]LogConfig: Setting CVar [[r.DOF.Recombine.Quality:1                ; cheap slight out of focus]]
[2022.11.16-23.13.13:187][  0]LogConfig: Setting CVar [[r.DOF.Recombine.EnableBokehSettings:0    ; no bokeh simulation on slight out of focus]]
[2022.11.16-23.13.13:187][  0]LogConfig: Setting CVar [[r.DOF.TemporalAAQuality:1                ; more stable temporal accumulation]]
[2022.11.16-23.13.13:187][  0]LogConfig: Setting CVar [[r.DOF.Kernel.MaxForegroundRadius:0.025]]
[2022.11.16-23.13.13:187][  0]LogConfig: Setting CVar [[r.DOF.Kernel.MaxBackgroundRadius:0.025]]
[2022.11.16-23.13.13:187][  0]LogConfig: Applying CVar settings from Section [TextureQuality@3] File [C:/Users/Usuario/Desktop/Arcanoid_Singletom/Saved/Config/Windows/Scalability.ini]
[2022.11.16-23.13.13:187][  0]LogConfig: Setting CVar [[r.Streaming.MipBias:0]]
[2022.11.16-23.13.13:187][  0]LogConfig: Setting CVar [[r.Streaming.AmortizeCPUToGPUCopy:0]]
[2022.11.16-23.13.13:187][  0]LogConfig: Setting CVar [[r.Streaming.MaxNumTexturesToStreamPerFrame:0]]
[2022.11.16-23.13.13:187][  0]LogConfig: Setting CVar [[r.Streaming.Boost:1]]
[2022.11.16-23.13.13:187][  0]LogConfig: Setting CVar [[r.MaxAnisotropy:8]]
[2022.11.16-23.13.13:187][  0]LogConfig: Setting CVar [[r.VT.MaxAnisotropy:8]]
[2022.11.16-23.13.13:187][  0]LogConfig: Setting CVar [[r.Streaming.LimitPoolSizeToVRAM:0]]
[2022.11.16-23.13.13:187][  0]LogConfig: Setting CVar [[r.Streaming.PoolSize:1000]]
[2022.11.16-23.13.13:187][  0]LogConfig: Setting CVar [[r.Streaming.MaxEffectiveScreenSize:0]]
[2022.11.16-23.13.13:187][  0]LogConfig: Applying CVar settings from Section [EffectsQuality@3] File [C:/Users/Usuario/Desktop/Arcanoid_Singletom/Saved/Config/Windows/Scalability.ini]
[2022.11.16-23.13.13:187][  0]LogConfig: Setting CVar [[r.TranslucencyLightingVolumeDim:64]]
[2022.11.16-23.13.13:187][  0]LogConfig: Setting CVar [[r.RefractionQuality:2]]
[2022.11.16-23.13.13:187][  0]LogConfig: Setting CVar [[r.SSR.Quality:3]]
[2022.11.16-23.13.13:187][  0]LogConfig: Setting CVar [[r.SSR.HalfResSceneColor:0]]
[2022.11.16-23.13.13:187][  0]LogConfig: Setting CVar [[r.SceneColorFormat:4]]
[2022.11.16-23.13.13:187][  0]LogConfig: Setting CVar [[r.DetailMode:2]]
[2022.11.16-23.13.13:187][  0]LogConfig: Setting CVar [[r.TranslucencyVolumeBlur:1]]
[2022.11.16-23.13.13:187][  0]LogConfig: Setting CVar [[r.MaterialQualityLevel:1 ; High quality]]
[2022.11.16-23.13.13:187][  0]LogConfig: Setting CVar [[r.AnisotropicMaterials:1]]
[2022.11.16-23.13.13:187][  0]LogConfig: Setting CVar [[r.SSS.Scale:1]]
[2022.11.16-23.13.13:187][  0]LogConfig: Setting CVar [[r.SSS.SampleSet:2]]
[2022.11.16-23.13.13:187][  0]LogConfig: Setting CVar [[r.SSS.Quality:1]]
[2022.11.16-23.13.13:187][  0]LogConfig: Setting CVar [[r.SSS.HalfRes:0]]
[2022.11.16-23.13.13:187][  0]LogConfig: Setting CVar [[r.SSGI.Quality:3]]
[2022.11.16-23.13.13:187][  0]LogConfig: Setting CVar [[r.EmitterSpawnRateScale:1.0]]
[2022.11.16-23.13.13:187][  0]LogConfig: Setting CVar [[r.ParticleLightQuality:2]]
[2022.11.16-23.13.13:187][  0]LogConfig: Setting CVar [[r.SkyAtmosphere.AerialPerspectiveLUT.FastApplyOnOpaque:1 ; Always have FastSkyLUT 1 in this case to avoid wrong sky]]
[2022.11.16-23.13.13:187][  0]LogConfig: Setting CVar [[r.SkyAtmosphere.AerialPerspectiveLUT.SampleCountMaxPerSlice:4]]
[2022.11.16-23.13.13:187][  0]LogConfig: Setting CVar [[r.SkyAtmosphere.AerialPerspectiveLUT.DepthResolution:16.0]]
[2022.11.16-23.13.13:187][  0]LogConfig: Setting CVar [[r.SkyAtmosphere.FastSkyLUT:1]]
[2022.11.16-23.13.13:187][  0]LogConfig: Setting CVar [[r.SkyAtmosphere.FastSkyLUT.SampleCountMin:4.0]]
[2022.11.16-23.13.13:187][  0]LogConfig: Setting CVar [[r.SkyAtmosphere.FastSkyLUT.SampleCountMax:128.0]]
[2022.11.16-23.13.13:187][  0]LogConfig: Setting CVar [[r.SkyAtmosphere.SampleCountMin:4.0]]
[2022.11.16-23.13.13:187][  0]LogConfig: Setting CVar [[r.SkyAtmosphere.SampleCountMax:128.0]]
[2022.11.16-23.13.13:187][  0]LogConfig: Setting CVar [[r.SkyAtmosphere.TransmittanceLUT.UseSmallFormat:0]]
[2022.11.16-23.13.13:187][  0]LogConfig: Setting CVar [[r.SkyAtmosphere.TransmittanceLUT.SampleCount:10.0]]
[2022.11.16-23.13.13:187][  0]LogConfig: Setting CVar [[r.SkyAtmosphere.MultiScatteringLUT.SampleCount:15.0]]
[2022.11.16-23.13.13:187][  0]LogConfig: Setting CVar [[r.SkyLight.RealTimeReflectionCapture:1]]
[2022.11.16-23.13.13:187][  0]LogConfig: Applying CVar settings from Section [FoliageQuality@3] File [C:/Users/Usuario/Desktop/Arcanoid_Singletom/Saved/Config/Windows/Scalability.ini]
[2022.11.16-23.13.13:187][  0]LogConfig: Setting CVar [[foliage.DensityScale:1.0]]
[2022.11.16-23.13.13:188][  0]LogConfig: Setting CVar [[grass.DensityScale:1.0]]
[2022.11.16-23.13.13:188][  0]LogConfig: Applying CVar settings from Section [ShadingQuality@3] File [C:/Users/Usuario/Desktop/Arcanoid_Singletom/Saved/Config/Windows/Scalability.ini]
[2022.11.16-23.13.13:188][  0]LogConfig: Setting CVar [[r.HairStrands.SkyLighting.IntegrationType:2]]
[2022.11.16-23.13.13:188][  0]LogConfig: Setting CVar [[r.HairStrands.SkyAO.SampleCount:4]]
[2022.11.16-23.13.13:188][  0]LogConfig: Setting CVar [[r.HairStrands.Visibility.MSAA.SamplePerPixel:4]]
[2022.11.16-23.13.13:188][  0]LogConfig: Applying CVar settings from Section [Startup] File [../../../Engine/Config/ConsoleVariables.ini]
[2022.11.16-23.13.13:188][  0]LogConfig: Setting CVar [[net.UseAdaptiveNetUpdateFrequency:0]]
[2022.11.16-23.13.13:188][  0]LogConfig: Setting CVar [[p.chaos.AllowCreatePhysxBodies:1]]
[2022.11.16-23.13.13:188][  0]LogConfig: Setting CVar [[fx.SkipVectorVMBackendOptimizations:1]]
[2022.11.16-23.13.13:188][  0]LogConfig: Applying CVar settings from Section [ConsoleVariables] File [C:/Users/Usuario/Desktop/Arcanoid_Singletom/Saved/Config/Windows/Engine.ini]
[2022.11.16-23.13.13:188][  0]LogConfig: Applying CVar settings from Section [ConsoleVariables] File [C:/Users/Usuario/Desktop/Arcanoid_Singletom/Saved/Config/Windows/Editor.ini]
[2022.11.16-23.13.13:189][  0]LogInit: Computer: LAPTOP-ADK72C9F
[2022.11.16-23.13.13:189][  0]LogInit: User: Usuario
[2022.11.16-23.13.13:189][  0]LogInit: CPU Page size=4096, Cores=4
[2022.11.16-23.13.13:189][  0]LogInit: High frequency timer resolution =10.000000 MHz
[2022.11.16-23.13.13:189][  0]LogMemory: Memory total: Physical=7.8GB (8GB approx)
[2022.11.16-23.13.13:189][  0]LogMemory: Platform Memory Stats for Windows
[2022.11.16-23.13.13:189][  0]LogMemory: Process Physical Memory: 135.39 MB used, 135.39 MB peak
[2022.11.16-23.13.13:189][  0]LogMemory: Process Virtual Memory: 106.86 MB used, 106.86 MB peak
[2022.11.16-23.13.13:189][  0]LogMemory: Physical Memory: 7204.54 MB used,  824.47 MB free, 8029.01 MB total
[2022.11.16-23.13.13:189][  0]LogMemory: Virtual Memory: 134213936.00 MB used,  3789.68 MB free, 134217728.00 MB total
[2022.11.16-23.13.13:195][  0]LogWindows: WindowsPlatformFeatures enabled
[2022.11.16-23.13.13:311][  0]LogInit: Physics initialised using underlying interface: PhysX
[2022.11.16-23.13.13:312][  0]LogInit: Using OS detected language (es-ES).
[2022.11.16-23.13.13:312][  0]LogInit: Using OS detected locale (es-BO).
[2022.11.16-23.13.13:327][  0]LogTextLocalizationManager: No specific localization for 'es-ES' exists, so the 'es' localization will be used.
[2022.11.16-23.13.13:941][  0]LogTargetPlatformManager: Display: Loaded TargetPlatform 'AllDesktop'
[2022.11.16-23.13.13:963][  0]LogTargetPlatformManager: Display: Loaded TargetPlatform 'Android'
[2022.11.16-23.13.13:963][  0]LogTargetPlatformManager: Display: Loaded TargetPlatform 'Android_ASTC'
[2022.11.16-23.13.13:963][  0]LogTargetPlatformManager: Display: Loaded TargetPlatform 'Android_DXT'
[2022.11.16-23.13.13:963][  0]LogTargetPlatformManager: Display: Loaded TargetPlatform 'Android_ETC2'
[2022.11.16-23.13.13:964][  0]LogTargetPlatformManager: Display: Loaded TargetPlatform 'AndroidClient'
[2022.11.16-23.13.13:964][  0]LogTargetPlatformManager: Display: Loaded TargetPlatform 'Android_ASTCClient'
[2022.11.16-23.13.13:964][  0]LogTargetPlatformManager: Display: Loaded TargetPlatform 'Android_DXTClient'
[2022.11.16-23.13.13:964][  0]LogTargetPlatformManager: Display: Loaded TargetPlatform 'Android_ETC2Client'
[2022.11.16-23.13.13:964][  0]LogTargetPlatformManager: Display: Loaded TargetPlatform 'Android_Multi'
[2022.11.16-23.13.13:964][  0]LogTargetPlatformManager: Display: Loaded TargetPlatform 'Android_MultiClient'
[2022.11.16-23.13.13:983][  0]LogTargetPlatformManager: Display: Loaded TargetPlatform 'IOSClient'
[2022.11.16-23.13.13:983][  0]LogTargetPlatformManager: Display: Loaded TargetPlatform 'IOS'
[2022.11.16-23.13.13:993][  0]LogTargetPlatformManager: Display: Loaded TargetPlatform 'Linux'
[2022.11.16-23.13.13:998][  0]LogTargetPlatformManager: Display: Loaded TargetPlatform 'LinuxNoEditor'
[2022.11.16-23.13.14:004][  0]LogTargetPlatformManager: Display: Loaded TargetPlatform 'LinuxClient'
[2022.11.16-23.13.14:009][  0]LogTargetPlatformManager: Display: Loaded TargetPlatform 'LinuxServer'
[2022.11.16-23.13.14:023][  0]LogTargetPlatformManager: Display: Loaded TargetPlatform 'LinuxAArch64NoEditor'
[2022.11.16-23.13.14:030][  0]LogTargetPlatformManager: Display: Loaded TargetPlatform 'LinuxAArch64Client'
[2022.11.16-23.13.14:036][  0]LogTargetPlatformManager: Display: Loaded TargetPlatform 'LinuxAArch64Server'
[2022.11.16-23.13.14:065][  0]LogTargetPlatformManager: Display: Loaded TargetPlatform 'Lumin'
[2022.11.16-23.13.14:065][  0]LogTargetPlatformManager: Display: Loaded TargetPlatform 'LuminClient'
[2022.11.16-23.13.14:077][  0]LogTargetPlatformManager: Display: Loaded TargetPlatform 'MacNoEditor'
[2022.11.16-23.13.14:082][  0]LogTargetPlatformManager: Display: Loaded TargetPlatform 'Mac'
[2022.11.16-23.13.14:087][  0]LogTargetPlatformManager: Display: Loaded TargetPlatform 'MacClient'
[2022.11.16-23.13.14:091][  0]LogTargetPlatformManager: Display: Loaded TargetPlatform 'MacServer'
[2022.11.16-23.13.14:102][  0]LogTargetPlatformManager: Display: Loaded TargetPlatform 'TVOSClient'
[2022.11.16-23.13.14:102][  0]LogTargetPlatformManager: Display: Loaded TargetPlatform 'TVOS'
[2022.11.16-23.13.14:113][  0]LogTargetPlatformManager: Display: Loaded TargetPlatform 'WindowsNoEditor'
[2022.11.16-23.13.14:118][  0]LogTargetPlatformManager: Display: Loaded TargetPlatform 'Windows'
[2022.11.16-23.13.14:125][  0]LogTargetPlatformManager: Display: Loaded TargetPlatform 'WindowsClient'
[2022.11.16-23.13.14:130][  0]LogTargetPlatformManager: Display: Loaded TargetPlatform 'WindowsServer'
[2022.11.16-23.13.14:130][  0]LogTargetPlatformManager: Display: Building Assets For Windows
[2022.11.16-23.13.14:144][  0]LogAudioDebug: Display: Lib vorbis DLL was dynamically loaded.
[2022.11.16-23.13.14:193][  0]LogTextureFormatOodle: Display: Oodle Texture 2.9.0 init RDO Off
[2022.11.16-23.13.14:291][  0]LogRendererCore: Ray tracing is disabled. Reason: r.RayTracing=0.
[2022.11.16-23.13.14:305][  0]LogDerivedDataCache: Display: Max Cache Size: 512 MB
[2022.11.16-23.13.14:463][  0]LogDerivedDataCache: Loaded boot cache 0.16s 94MB C:/Users/Usuario/AppData/Local/UnrealEngine/4.27/DerivedDataCache/Boot.ddc.
[2022.11.16-23.13.14:463][  0]LogDerivedDataCache: Display: Loaded Boot cache: C:/Users/Usuario/AppData/Local/UnrealEngine/4.27/DerivedDataCache/Boot.ddc
[2022.11.16-23.13.14:463][  0]LogDerivedDataCache: FDerivedDataBackendGraph:  Pak pak cache file ../../../../../../Users/Usuario/Desktop/Arcanoid_Singletom/DerivedDataCache/DDC.ddp not found, will not use a pak cache.
[2022.11.16-23.13.14:463][  0]LogDerivedDataCache: Unable to find inner node Pak for hierarchical cache Hierarchy.
[2022.11.16-23.13.14:463][  0]LogDerivedDataCache: FDerivedDataBackendGraph:  CompressedPak pak cache file ../../../../../../Users/Usuario/Desktop/Arcanoid_Singletom/DerivedDataCache/Compressed.ddp not found, will not use a pak cache.
[2022.11.16-23.13.14:463][  0]LogDerivedDataCache: Unable to find inner node CompressedPak for hierarchical cache Hierarchy.
[2022.11.16-23.13.14:483][  0]LogDerivedDataCache: Display: Pak cache opened for reading ../../../Engine/DerivedDataCache/Compressed.ddp.
[2022.11.16-23.13.14:484][  0]LogDerivedDataCache: FDerivedDataBackendGraph:  EnterprisePak pak cache file ../../../Enterprise/DerivedDataCache/Compressed.ddp not found, will not use a pak cache.
[2022.11.16-23.13.14:484][  0]LogDerivedDataCache: Unable to find inner node EnterprisePak for hierarchical cache Hierarchy.
[2022.11.16-23.13.14:499][  0]LogDerivedDataCache: Speed tests for C:/Users/Usuario/AppData/Local/UnrealEngine/Common/DerivedDataCache took 0.02 seconds
[2022.11.16-23.13.14:499][  0]LogDerivedDataCache: Display: Performance to C:/Users/Usuario/AppData/Local/UnrealEngine/Common/DerivedDataCache: Latency=0.20ms. RandomReadSpeed=126.83MBs, RandomWriteSpeed=176.70MBs. Assigned SpeedClass 'Local'
[2022.11.16-23.13.14:500][  0]LogDerivedDataCache: Using Local data cache path C:/Users/Usuario/AppData/Local/UnrealEngine/Common/DerivedDataCache: Writable
[2022.11.16-23.13.14:500][  0]LogDerivedDataCache: Shared data cache path not found in *engine.ini, will not use an Shared cache.
[2022.11.16-23.13.14:500][  0]LogDerivedDataCache: Unable to find inner node Shared for hierarchical cache Hierarchy.
[2022.11.16-23.13.14:520][  0]LogAssetRegistry: FAssetRegistry took 0.0089 seconds to start up
[2022.11.16-23.13.14:971][  0]LogInit: Selected Device Profile: [Windows]
[2022.11.16-23.13.14:971][  0]LogInit: Active device profile: [000002439539CB00][0000024390914AC0 49] Windows
[2022.11.16-23.13.14:971][  0]LogInit: Profiles: [000002439539CB00][0000024390914AC0 49] Windows, [0000024395365B00][0000024390918C00 49] WindowsNoEditor, [000002439539D900][000002439091CD40 49] WindowsServer, [0000024395366800][00000243943B2E80 49] WindowsClient, [000002439539FC00][00000243943B6FC0 49] IOS, [0000024395367C00][00000243943BF140 49] iPadAir, [000002439539FE00][00000243943C32C0 49] iPadAir2, [0000024395318D00][00000243943D1580 49] IPadPro, [0000024395318E00][00000243943C75C0 49] iPadAir3, [0000024395367500][00000243943DB740 49] iPadAir4, [000002439531B700][00000243943DF8C0 49] iPadMini2, [0000024395366B00][00000243943E3A40 49] iPadMini3, [000002439531B900][00000243943E7BC0 49] iPadMini4, [0000024395366F00][00000243943EA1C0 49] iPadMini5, [0000024395350600][00000243943F2480 49] iPhone6, [0000024395350700][00000243943EE4C0 49] iPodTouch6, [000002439539E600][00000243943FA780 49] iPhone7, [000002439539E800][00000243943F67C0 49] iPodTouch7, [0000024395350100][00000243943FE940 49] iPhone5S, [0000024395318700][0000024394402AC0 49] iPhone6Plus, [0000024395352500][0000024394406C40 49] iPhone6S, [0000024395319400][000002439440ADC0 49] iPhone6SPlus, [0000024395353B00][00000243943BAF00 49] iPhone7Plus, [000002439531B600][000002439440F040 49] iPhoneSE, [000002439539EC00][0000024394413180 49] iPhone8, [0000024395318600][000002439441B300 49] iPhone8Plus, [000002439539E100][000002439441F480 49] iPhoneX, [000002439531A900][0000024394423600 49] iPhoneXS, [000002439539FD00][0000024394427780 49] iPhoneXSMax, [000002439531AE00][000002439442B900 49] iPhoneXR, [000002439539FF00][000002439442FA80 49] iPhone11, [0000024395319F00][0000024394433C00 49] iPhone11Pro, [000002439539C600][0000024394436200 49] iPhone11ProMax, [000002439531A000][000002439443A380 49] iPhoneSE2, [000002439539FA00][000002439443E500 49] iPhone12Mini, [000002439531A700][0000024394442680 49] iPhone12, [000002439539EA00][0000024394446800 49] iPhone12Pro, [0000024395318500][000002439444A980 49] iPhone12ProMax, [000002439539F900][000002439444EB00 49] iPadPro105, [0000024395319800][0000024394452C80 49] iPadPro129, [000002439539CC00][0000024394456E00 49] iPadPro97, [000002439531A400][000002439445AF80 49] iPadPro2_129, [000002439539C800][00000243944170C0 49] iPad5, [0000024395318400][000002439445F200 49] iPad6, [000002439539DB00][0000024394463340 49] iPad7, [000002439531B500][000002439446B4C0 49] iPad8, [000002439539DF00][000002439446F640 49] iPadPro11, [0000024395319A00][00000243944737C0 49] iPadPro2_11, [000002439539E500][0000024394477940 49] iPadPro3_129, [000002439531A200][000002439447BAC0 49] iPadPro4_129, [000002439539D600][000002439447E0C0 49] AppleTV, [000002439531BD00][0000024394482240 49] AppleTV4K, [000002439539DA00][00000243944863C0 49] TVOS, [0000024395318A00][000002439448A540 49] Mac, [000002439539E400][000002439448E6C0 49] MacClient, [000002439531AC00][0000024394492840 49] MacNoEditor, [000002439539F500][00000243944969C0 49] MacServer, [000002439531A300][000002439449AB40 49] Linux, [000002439539C300][000002439449ECC0 49] LinuxAArch64, [000002439531A100][00000243944A2E40 49] LinuxNoEditor, [000002439539E300][00000243944A6FC0 49] LinuxAArch64NoEditor, [000002439531BC00][00000243944AB140 49] LinuxClient, [000002439539CF00][0000024394467280 49] LinuxAArch64Client, [0000024395319200][00000243944AF3C0 49] LinuxServer, [000002439539F000][00000243944B3500 49] LinuxAArch64Server, [0000024395319600][00000243944B7640 49] Android, [000002439539D200][00000243944BF7C0 49] Android_Low, [000002439531BE00][00000243944C3940 49] Android_Mid, [000002439539C100][00000243944C7AC0 49] Android_High, [000002439531AA00][00000243944CA0C0 49] Android_Default, [000002439539D300][00000243944CE240 49] Android_Adreno4xx, [0000024395365D00][00000243944D23C0 49] Android_Adreno5xx_Low, [0000024395351C00][00000243944D6540 49] Android_Adreno5xx, [0000024395367800][00000243944DA6C0 49] Android_Adreno6xx, [0000024395352700][00000243944DE840 49] Android_Adreno6xx_Vulkan, [0000024395367000][00000243944E29C0 49] Android_Mali_T6xx, [0000024395350F00][00000243944E6B40 49] Android_Mali_T7xx, [0000024395365500][00000243944EACC0 49] Android_Mali_T8xx, [0000024395351F00][00000243944EEE40 49] Android_Mali_G71, [0000024395366600][00000243944F2FC0 49] Android_Mali_G72, [0000024395352F00][00000243944F7140 49] Android_Mali_G72_Vulkan, [0000024395365F00][00000243944FB2C0 49] Android_Mali_G76, [0000024395352200][00000243944BB400 49] Android_Mali_G76_Vulkan, [0000024395367D00][00000243944FF540 49] Android_Mali_G77, [0000024395351400][0000024394503680 49] Android_Mali_G77_Vulkan, [0000024395367100][00000243945077C0 49] Android_Mali_G78, [0000024395351300][0000024395521940 49] Android_Mali_G78_Vulkan, [0000024395364F00][0000024395525AC0 49] Android_Mali_G710, [0000024395353D00][00000243955280C0 49] Android_Mali_G710_Vulkan, [0000024395364700][000002439552C240 49] Android_Vulkan_SM5, [0000024395351B00][00000243955303C0 49] Android_PowerVR_G6xxx, [0000024395364A00][0000024395534540 49] Android_PowerVR_GT7xxx, [0000024395350200][00000243955386C0 49] Android_PowerVR_GE8xxx, [0000024395367200][000002439553C840 49] Android_PowerVR_GM9xxx, [0000024395350A00][00000243955409C0 49] Android_PowerVR_GM9xxx_Vulkan, [0000024395367B00][0000024395544B40 49] Android_TegraK1, [0000024395351700][0000024395548CC0 49] Android_Unknown_Vulkan, [0000024395365200][000002439554CE40 49] Lumin, [0000024395353C00][0000024395550FC0 49] Lumin_Desktop, [0000024395365000][0000024395555140 49] HoloLens, 
[2022.11.16-23.13.15:065][  0]LogMeshReduction: Using QuadricMeshReduction for automatic static mesh reduction
[2022.11.16-23.13.15:065][  0]LogMeshReduction: Using SimplygonMeshReduction for automatic skeletal mesh reduction
[2022.11.16-23.13.15:066][  0]LogMeshReduction: Using ProxyLODMeshReduction for automatic mesh merging
[2022.11.16-23.13.15:066][  0]LogMeshReduction: No distributed automatic mesh merging module available
[2022.11.16-23.13.15:066][  0]LogMeshMerging: No distributed automatic mesh merging module available
[2022.11.16-23.13.15:094][  0]LogNetVersion: Arcanoid 1.0.0, NetCL: 17155196, EngineNetVer: 17, GameNetVer: 0 (Checksum: 2845438061)
[2022.11.16-23.13.15:503][  0]LogHMD: PokeAHoleMaterial loaded successfully
[2022.11.16-23.13.15:746][  0]LogCollectionManager: Loaded 0 collections in 0.002198 seconds
[2022.11.16-23.13.15:750][  0]LogFileCache: Scanning file cache for directory 'C:/Users/Usuario/Desktop/Arcanoid_Singletom/Saved/Collections/' took 0.00s
[2022.11.16-23.13.15:750][  0]LogFileCache: Scanning file cache for directory 'C:/Users/Usuario/Desktop/Arcanoid_Singletom/Content/Developers/Usuario/Collections/' took 0.00s
[2022.11.16-23.13.15:750][  0]LogFileCache: Scanning file cache for directory 'C:/Users/Usuario/Desktop/Arcanoid_Singletom/Content/Collections/' took 0.00s
[2022.11.16-23.13.15:750][  0]LogCollectionManager: Fixed up redirectors for 0 collections in 0.000707 seconds (updated 0 objects)
[2022.11.16-23.13.16:046][  0]LogNiagaraDebuggerClient: Niagara Debugger Client Initialized | Session: C1FB934F41773B75981CA6AE0EABD7B8 | Instance: BA45B0BC4E14337D93D5538AF668304F (LAPTOP-ADK72C9F-13396).
[2022.11.16-23.13.16:353][  0]LogPython: Using Python 3.7.7
[2022.11.16-23.13.17:057][  0]LogUObjectGlobals: Warning: [AssetLog] C:\Users\Usuario\Desktop\Arcanoid_Singletom\Content\Materials\M_Brick.uasset: Failed to load '/Game/Materials/CollisionMaterial': Can't find file.
[2022.11.16-23.13.17:057][  0]LogUObjectGlobals: Warning: [AssetLog] C:\Users\Usuario\Desktop\Arcanoid_Singletom\Content\Materials\M_Brick.uasset: Failed to load '/Game/Materials/CollisionMaterial': Can't find file.
[2022.11.16-23.13.17:057][  0]LogUObjectGlobals: Warning: [AssetLog] C:\Users\Usuario\Desktop\Arcanoid_Singletom\Content\Materials\M_Brick.uasset: Failed to load '/Game/Materials/CollisionMaterial': Can't find file.
[2022.11.16-23.13.17:058][  0]LogUObjectGlobals: Warning: [AssetLog] C:\Users\Usuario\Desktop\Arcanoid_Singletom\Content\Meshes\SM_Brick.uasset: Failed to load '/Game/Materials/CollisionMaterial': Can't find file.
[2022.11.16-23.13.17:058][  0]LogUObjectGlobals: Warning: [AssetLog] C:\Users\Usuario\Desktop\Arcanoid_Singletom\Content\Meshes\SM_Brick.uasset: Failed to load '/Game/Materials/CollisionMaterial': Can't find file.
[2022.11.16-23.13.17:058][  0]LogUObjectGlobals: Warning: [AssetLog] C:\Users\Usuario\Desktop\Arcanoid_Singletom\Content\Materials\M_Brick.uasset: Failed to load '/Game/Materials/CollisionMaterial': Can't find file.
[2022.11.16-23.13.17:058][  0]LogUObjectGlobals: Warning: [AssetLog] C:\Users\Usuario\Desktop\Arcanoid_Singletom\Content\Meshes\SM_Brick.uasset: Failed to load '/Game/Materials/CollisionMaterial': Can't find file.
[2022.11.16-23.13.17:078][  0]LogUObjectGlobals: Warning: [AssetLog] C:\Users\Usuario\Desktop\Arcanoid_Singletom\Content\Meshes\SM_Paddle.uasset: Failed to load '/Game/Materials/CollisionMaterial': Can't find file.
[2022.11.16-23.13.17:078][  0]LogUObjectGlobals: Warning: [AssetLog] C:\Users\Usuario\Desktop\Arcanoid_Singletom\Content\Meshes\SM_Paddle.uasset: Failed to load '/Game/Materials/CollisionMaterial': Can't find file.
[2022.11.16-23.13.17:079][  0]LogUObjectGlobals: Warning: [AssetLog] C:\Users\Usuario\Desktop\Arcanoid_Singletom\Content\Meshes\SM_Paddle.uasset: Failed to load '/Game/Materials/CollisionMaterial': Can't find file.
[2022.11.16-23.13.17:353][  0]LogAndroidPermission: UAndroidPermissionCallbackProxy::GetInstance
[2022.11.16-23.13.17:372][  0]LogAudioCaptureCore: Display: No Audio Capture implementations found. Audio input will be silent.
[2022.11.16-23.13.17:372][  0]LogAudioCaptureCore: Display: No Audio Capture implementations found. Audio input will be silent.
[2022.11.16-23.13.17:571][  0]SourceControl: El control de código fuente está desactivado
[2022.11.16-23.13.17:952][  0]LogUProjectInfo: Found projects:
[2022.11.16-23.13.18:046][  0]LogOpenImageDenoise: OIDN starting up
[2022.11.16-23.13.18:082][  0]LogOcInput: OculusInput pre-init called
[2022.11.16-23.13.18:124][  0]LogUObjectArray: 23175 objects as part of root set at end of initial load.
[2022.11.16-23.13.18:124][  0]LogUObjectAllocator: 6409232 out of 0 bytes used by permanent object pool.
[2022.11.16-23.13.18:124][  0]LogUObjectArray: CloseDisregardForGC: 0/0 objects in disregard for GC pool
[2022.11.16-23.13.18:127][  0]LogInit: Error: VisualStudioToolsCommandlet looked like a commandlet, but we could not find the class.
[2022.11.16-23.13.18:127][  0]LogCore: Engine exit requested (reason: Failed to find commandlet class VisualStudioToolsCommandlet)
[2022.11.16-23.13.18:127][  0]LogCore: Engine exit requested (reason: EngineExit() was called; note: exit was already requested)
[2022.11.16-23.13.18:130][  0]LogExit: Preparing to exit.
[2022.11.16-23.13.18:142][  0]LogUObjectHash: Compacting FUObjectHashTables data took   0.65ms
[2022.11.16-23.13.18:207][  0]LogDemo: Cleaned up 0 splitscreen connections with owner deletion
[2022.11.16-23.13.18:292][  0]LogExit: Object subsystem successfully closed.
[2022.11.16-23.13.18:356][  0]LogModuleManager: Shutting down and abandoning module AudioSynesthesiaEditor (594)
[2022.11.16-23.13.18:356][  0]LogModuleManager: Shutting down and abandoning module OculusEditor (592)
[2022.11.16-23.13.18:356][  0]LogModuleManager: Shutting down and abandoning module OculusInput (590)
[2022.11.16-23.13.18:356][  0]LogModuleManager: Shutting down and abandoning module ContentBrowserFileDataSource (588)
[2022.11.16-23.13.18:356][  0]LogModuleManager: Shutting down and abandoning module ContentBrowserClassDataSource (586)
[2022.11.16-23.13.18:356][  0]LogModuleManager: Shutting down and abandoning module ContentBrowserAssetDataSource (584)
[2022.11.16-23.13.18:356][  0]LogModuleManager: Shutting down and abandoning module ToolMenus (583)
[2022.11.16-23.13.18:356][  0]LogModuleManager: Shutting down and abandoning module OpenImageDenoise (580)
[2022.11.16-23.13.18:356][  0]LogOpenImageDenoise: OIDN shutting down
[2022.11.16-23.13.18:356][  0]LogModuleManager: Shutting down and abandoning module MotoSynthEditor (578)
[2022.11.16-23.13.18:356][  0]LogModuleManager: Shutting down and abandoning module MotoSynth (576)
[2022.11.16-23.13.18:357][  0]LogModuleManager: Shutting down and abandoning module GeometryCollectionTracks (574)
[2022.11.16-23.13.18:357][  0]LogModuleManager: Shutting down and abandoning module GeometryCollectionSequencer (573)
[2022.11.16-23.13.18:357][  0]LogModuleManager: Shutting down and abandoning module GeometryCollectionEditor (570)
[2022.11.16-23.13.18:358][  0]LogModuleManager: Shutting down and abandoning module MeshConversion (568)
[2022.11.16-23.13.18:358][  0]LogModuleManager: Shutting down and abandoning module DynamicMesh (566)
[2022.11.16-23.13.18:358][  0]LogModuleManager: Shutting down and abandoning module GeometryAlgorithms (564)
[2022.11.16-23.13.18:359][  0]LogModuleManager: Shutting down and abandoning module GeometricObjects (562)
[2022.11.16-23.13.18:359][  0]LogModuleManager: Shutting down and abandoning module GeometryCacheTracks (560)
[2022.11.16-23.13.18:359][  0]LogModuleManager: Shutting down and abandoning module GeometryCacheStreamer (558)
[2022.11.16-23.13.18:359][  0]LogModuleManager: Shutting down and abandoning module GeometryCacheSequencer (556)
[2022.11.16-23.13.18:359][  0]LogModuleManager: Shutting down and abandoning module VisualStudioSourceCodeAccess (554)
[2022.11.16-23.13.18:359][  0]LogModuleManager: Shutting down and abandoning module ChaosSolverEditor (552)
[2022.11.16-23.13.18:360][  0]LogModuleManager: Shutting down and abandoning module FractureEditor (550)
[2022.11.16-23.13.18:361][  0]LogModuleManager: Shutting down and abandoning module VisualStudioCodeSourceCodeAccess (548)
[2022.11.16-23.13.18:361][  0]LogModuleManager: Shutting down and abandoning module ChaosNiagara (546)
[2022.11.16-23.13.18:361][  0]LogModuleManager: Shutting down and abandoning module ChaosClothEditor (544)
[2022.11.16-23.13.18:361][  0]LogModuleManager: Shutting down and abandoning module UObjectPlugin (542)
[2022.11.16-23.13.18:361][  0]LogModuleManager: Shutting down and abandoning module AutomationUtilsEditor (540)
[2022.11.16-23.13.18:361][  0]LogModuleManager: Shutting down and abandoning module AutomationUtils (538)
[2022.11.16-23.13.18:361][  0]LogModuleManager: Shutting down and abandoning module SubversionSourceControl (536)
[2022.11.16-23.13.18:361][  0]LogModuleManager: Shutting down and abandoning module AlembicImporter (534)
[2022.11.16-23.13.18:361][  0]LogModuleManager: Shutting down and abandoning module AlembicLibrary (533)
[2022.11.16-23.13.18:361][  0]LogModuleManager: Shutting down and abandoning module GeometryCache (532)
[2022.11.16-23.13.18:361][  0]LogModuleManager: Shutting down and abandoning module GeometryCacheEd (531)
[2022.11.16-23.13.18:361][  0]LogModuleManager: Shutting down and abandoning module PluginUtils (526)
[2022.11.16-23.13.18:361][  0]LogModuleManager: Shutting down and abandoning module PlasticSourceControl (524)
[2022.11.16-23.13.18:361][  0]LogModuleManager: Shutting down and abandoning module PerforceSourceControl (522)
[2022.11.16-23.13.18:361][  0]LogModuleManager: Shutting down and abandoning module AnimationSharingEd (520)
[2022.11.16-23.13.18:361][  0]LogModuleManager: Shutting down and abandoning module GitSourceControl (518)
[2022.11.16-23.13.18:361][  0]LogModuleManager: Shutting down and abandoning module SourceControl (517)
[2022.11.16-23.13.18:361][  0]LogModuleManager: Shutting down and abandoning module CLionSourceCodeAccess (514)
[2022.11.16-23.13.18:361][  0]LogModuleManager: Shutting down and abandoning module TakeSequencer (512)
[2022.11.16-23.13.18:361][  0]LogModuleManager: Shutting down and abandoning module TakeMovieScene (510)
[2022.11.16-23.13.18:361][  0]LogModuleManager: Shutting down and abandoning module SynthesisEditor (508)
[2022.11.16-23.13.18:361][  0]LogModuleManager: Shutting down and abandoning module Synthesis (506)
[2022.11.16-23.13.18:363][  0]LogModuleManager: Shutting down and abandoning module ProceduralMeshComponentEditor (504)
[2022.11.16-23.13.18:363][  0]LogModuleManager: Shutting down and abandoning module ProceduralMeshComponent (502)
[2022.11.16-23.13.18:363][  0]LogModuleManager: Shutting down and abandoning module ScreenshotTools (500)
[2022.11.16-23.13.18:363][  0]LogModuleManager: Shutting down and abandoning module OpenXREditor (498)
[2022.11.16-23.13.18:363][  0]LogModuleManager: Shutting down and abandoning module MobilePatchingUtils (496)
[2022.11.16-23.13.18:363][  0]LogModuleManager: Shutting down and abandoning module GooglePAD (494)
[2022.11.16-23.13.18:363][  0]LogModuleManager: Shutting down and abandoning module EditableMesh (492)
[2022.11.16-23.13.18:363][  0]LogModuleManager: Shutting down and abandoning module FieldSystemEngine (491)
[2022.11.16-23.13.18:363][  0]LogModuleManager: Shutting down and abandoning module CustomMeshComponent (488)
[2022.11.16-23.13.18:363][  0]LogModuleManager: Shutting down and abandoning module CableComponent (486)
[2022.11.16-23.13.18:363][  0]LogModuleManager: Shutting down and abandoning module AssetTags (484)
[2022.11.16-23.13.18:363][  0]LogModuleManager: Shutting down and abandoning module AudioCapture (482)
[2022.11.16-23.13.18:363][  0]LogModuleManager: Shutting down and abandoning module AudioCaptureRtAudio (481)
[2022.11.16-23.13.18:363][  0]LogModuleManager: Shutting down and abandoning module ArchVisCharacter (478)
[2022.11.16-23.13.18:363][  0]LogModuleManager: Shutting down and abandoning module AppleImageUtilsBlueprintSupport (476)
[2022.11.16-23.13.18:363][  0]LogModuleManager: Shutting down and abandoning module AppleImageUtils (474)
[2022.11.16-23.13.18:363][  0]LogModuleManager: Shutting down and abandoning module AndroidPermission (472)
[2022.11.16-23.13.18:363][  0]LogModuleManager: Shutting down and abandoning module ActorLayerUtilitiesEditor (470)
[2022.11.16-23.13.18:363][  0]LogModuleManager: Shutting down and abandoning module ActorLayerUtilities (468)
[2022.11.16-23.13.18:363][  0]LogModuleManager: Shutting down and abandoning module TemplateSequence (466)
[2022.11.16-23.13.18:363][  0]LogModuleManager: Shutting down and abandoning module MediaCompositing (464)
[2022.11.16-23.13.18:363][  0]LogModuleManager: Shutting down and abandoning module MagicLeapSharedWorld (462)
[2022.11.16-23.13.18:363][  0]LogModuleManager: Shutting down and abandoning module MagicLeapLightEstimation (460)
[2022.11.16-23.13.18:363][  0]LogModuleManager: Shutting down and abandoning module MagicLeapHelperVulkan (458)
[2022.11.16-23.13.18:363][  0]LogModuleManager: Shutting down and abandoning module MagicLeapHelperOpenGL (456)
[2022.11.16-23.13.18:364][  0]LogModuleManager: Shutting down and abandoning module MagicLeapAudio (454)
[2022.11.16-23.13.18:364][  0]LogModuleManager: Shutting down and abandoning module NiagaraEditorWidgets (452)
[2022.11.16-23.13.18:364][  0]LogModuleManager: Shutting down and abandoning module VariantManagerContentEditor (450)
[2022.11.16-23.13.18:364][  0]LogModuleManager: Shutting down and abandoning module DatasmithContentEditor (448)
[2022.11.16-23.13.18:364][  0]LogModuleManager: Shutting down and abandoning module SpeedTreeImporter (446)
[2022.11.16-23.13.18:364][  0]LogModuleManager: Shutting down and abandoning module MaterialAnalyzer (444)
[2022.11.16-23.13.18:364][  0]LogModuleManager: Shutting down and abandoning module MobileLauncherProfileWizard (442)
[2022.11.16-23.13.18:365][  0]LogModuleManager: Shutting down and abandoning module PluginBrowser (440)
[2022.11.16-23.13.18:365][  0]LogModuleManager: Shutting down and abandoning module CurveEditorTools (438)
[2022.11.16-23.13.18:365][  0]LogModuleManager: Shutting down and abandoning module CryptoKeysOpenSSL (436)
[2022.11.16-23.13.18:365][  0]LogModuleManager: Shutting down and abandoning module CryptoKeys (434)
[2022.11.16-23.13.18:365][  0]LogModuleManager: Shutting down and abandoning module OodleNetworkHandlerComponent (432)
[2022.11.16-23.13.18:365][  0]LogModuleManager: Shutting down and abandoning module LiveLinkSequencer (430)
[2022.11.16-23.13.18:365][  0]LogModuleManager: Shutting down and abandoning module LiveLinkMovieScene (428)
[2022.11.16-23.13.18:365][  0]LogModuleManager: Shutting down and abandoning module LiveLinkGraphNode (426)
[2022.11.16-23.13.18:365][  0]LogModuleManager: Shutting down and abandoning module LiveLinkEditor (424)
[2022.11.16-23.13.18:365][  0]LogModuleManager: Shutting down and abandoning module LiveLinkComponents (422)
[2022.11.16-23.13.18:365][  0]LogModuleManager: Shutting down and abandoning module LiveLink (420)
[2022.11.16-23.13.19:131][  0]LogModuleManager: Shutting down and abandoning module LightPropagationVolumeEditor (418)
[2022.11.16-23.13.19:131][  0]LogModuleManager: Shutting down and abandoning module PaperTiledImporter (416)
[2022.11.16-23.13.19:131][  0]LogModuleManager: Shutting down and abandoning module PaperSpriteSheetImporter (414)
[2022.11.16-23.13.19:131][  0]LogModuleManager: Shutting down and abandoning module Paper2DEditor (412)
[2022.11.16-23.13.19:131][  0]LogModuleManager: Shutting down and abandoning module MeshPaintingToolset (410)
[2022.11.16-23.13.19:132][  0]LogModuleManager: Shutting down and abandoning module MeshPaintEditorMode (408)
[2022.11.16-23.13.19:132][  0]LogModuleManager: Shutting down and abandoning module Arcanoid (406)
[2022.11.16-23.13.19:132][  0]LogModuleManager: Shutting down and abandoning module PythonScriptPlugin (404)
[2022.11.16-23.13.19:132][  0]LogModuleManager: Shutting down and abandoning module PropertyAccessNode (402)
[2022.11.16-23.13.19:133][  0]LogModuleManager: Shutting down and abandoning module AnimationSharing (400)
[2022.11.16-23.13.19:133][  0]LogModuleManager: Shutting down and abandoning module SoundFields (398)
[2022.11.16-23.13.19:133][  0]LogModuleManager: Shutting down and abandoning module RuntimePhysXCooking (396)
[2022.11.16-23.13.19:133][  0]LogModuleManager: Shutting down and abandoning module SignificanceManager (394)
[2022.11.16-23.13.19:133][  0]LogModuleManager: Shutting down and abandoning module PropertyAccessEditor (392)
[2022.11.16-23.13.19:133][  0]LogModuleManager: Shutting down and abandoning module PhysXVehiclesEditor (390)
[2022.11.16-23.13.19:133][  0]LogModuleManager: Shutting down and abandoning module LocationServicesBPLibrary (386)
[2022.11.16-23.13.19:133][  0]LogModuleManager: Shutting down and abandoning module AudioSynesthesia (384)
[2022.11.16-23.13.19:133][  0]LogModuleManager: Shutting down and abandoning module AudioSynesthesiaCore (382)
[2022.11.16-23.13.19:133][  0]LogModuleManager: Shutting down and abandoning module UdpMessaging (380)
[2022.11.16-23.13.19:133][  0]LogModuleManager: Shutting down and abandoning module TcpMessaging (378)
[2022.11.16-23.13.19:133][  0]LogModuleManager: Shutting down and abandoning module ActorSequence (376)
[2022.11.16-23.13.19:133][  0]LogModuleManager: Shutting down and abandoning module MagicLeapARPin (374)
[2022.11.16-23.13.19:133][  0]LogModuleManager: Shutting down and abandoning module MagicLeapHandMeshing (372)
[2022.11.16-23.13.19:133][  0]LogModuleManager: Shutting down and abandoning module MagicLeapSecureStorage (370)
[2022.11.16-23.13.19:133][  0]LogModuleManager: Shutting down and abandoning module MagicLeapPrivileges (368)
[2022.11.16-23.13.19:133][  0]LogModuleManager: Shutting down and abandoning module MagicLeapPlanes (366)
[2022.11.16-23.13.19:133][  0]LogMagicLeapPlanes: Planes tracker already destroyed.
[2022.11.16-23.13.19:133][  0]LogModuleManager: Shutting down and abandoning module MagicLeapImageTracker (364)
[2022.11.16-23.13.19:133][  0]LogModuleManager: Shutting down and abandoning module MagicLeapIdentity (362)
[2022.11.16-23.13.19:133][  0]LogModuleManager: Shutting down and abandoning module MagicLeapHandTracking (360)
[2022.11.16-23.13.19:133][  0]LogModuleManager: Shutting down and abandoning module MagicLeapEyeTracker (358)
[2022.11.16-23.13.19:133][  0]LogModuleManager: Shutting down and abandoning module MagicLeapController (356)
[2022.11.16-23.13.19:133][  0]LogModuleManager: Shutting down and abandoning module MagicLeapARPinImpl (354)
[2022.11.16-23.13.19:134][  0]LogModuleManager: Shutting down and abandoning module MagicLeapAR (352)
[2022.11.16-23.13.19:134][  0]LogModuleManager: Shutting down and abandoning module NiagaraAnimNotifies (350)
[2022.11.16-23.13.19:134][  0]LogModuleManager: Shutting down and abandoning module Niagara (348)
[2022.11.16-23.13.19:135][  0]LogModuleManager: Shutting down and abandoning module SignalProcessing (347)
[2022.11.16-23.13.19:135][  0]LogModuleManager: Shutting down and abandoning module NiagaraEditor (345)
[2022.11.16-23.13.19:135][  0]LogModuleManager: Shutting down and abandoning module NiagaraCore (342)
[2022.11.16-23.13.19:135][  0]LogModuleManager: Shutting down and abandoning module FacialAnimationEditor (340)
[2022.11.16-23.13.19:135][  0]LogModuleManager: Shutting down and abandoning module FacialAnimation (338)
[2022.11.16-23.13.19:135][  0]LogModuleManager: Shutting down and abandoning module GameplayTagsEditor (336)
[2022.11.16-23.13.19:135][  0]LogModuleManager: Shutting down and abandoning module DataValidation (334)
[2022.11.16-23.13.19:135][  0]LogModuleManager: Shutting down and abandoning module AssetManagerEditor (332)
[2022.11.16-23.13.19:135][  0]LogModuleManager: Shutting down and abandoning module TreeMap (331)
[2022.11.16-23.13.19:136][  0]LogModuleManager: Shutting down and abandoning module GameplayCameras (328)
[2022.11.16-23.13.19:136][  0]LogModuleManager: Shutting down and abandoning module LightPropagationVolumeRuntime (326)
[2022.11.16-23.13.19:136][  0]LogModuleManager: Shutting down and abandoning module EnvironmentQueryEditor (324)
[2022.11.16-23.13.19:136][  0]LogModuleManager: Shutting down and abandoning module Paper2D (322)
[2022.11.16-23.13.19:136][  0]LogModuleManager: Shutting down and abandoning module NetworkReplayStreaming (320)
[2022.11.16-23.13.19:136][  0]LogModuleManager: Shutting down and abandoning module PacketHandler (318)
[2022.11.16-23.13.19:136][  0]LogModuleManager: Shutting down and abandoning module ClothingSystemEditor (316)
[2022.11.16-23.13.19:136][  0]LogModuleManager: Shutting down and abandoning module ClothingSystemRuntimeNv (314)
[2022.11.16-23.13.19:136][  0]LogModuleManager: Shutting down and abandoning module MediaAssets (312)
[2022.11.16-23.13.19:136][  0]LogModuleManager: Shutting down and abandoning module Overlay (310)
[2022.11.16-23.13.19:136][  0]LogModuleManager: Shutting down and abandoning module OverlayEditor (309)
[2022.11.16-23.13.19:136][  0]LogModuleManager: Shutting down and abandoning module Blutility (306)
[2022.11.16-23.13.19:136][  0]LogModuleManager: Shutting down and abandoning module LevelEditor (305)
[2022.11.16-23.13.19:137][  0]LogModuleManager: Shutting down and abandoning module PixelInspectorModule (304)
[2022.11.16-23.13.19:137][  0]LogModuleManager: Shutting down and abandoning module CommonMenuExtensions (302)
[2022.11.16-23.13.19:137][  0]LogModuleManager: Shutting down and abandoning module MainFrame (300)
[2022.11.16-23.13.19:138][  0]LogModuleManager: Shutting down and abandoning module HotReload (299)
[2022.11.16-23.13.19:138][  0]LogModuleManager: Shutting down and abandoning module ContentBrowser (295)
[2022.11.16-23.13.19:139][  0]LogModuleManager: Shutting down and abandoning module CollectionManager (294)
[2022.11.16-23.13.19:139][  0]LogModuleManager: Shutting down and abandoning module ContentBrowserData (292)
[2022.11.16-23.13.19:139][  0]LogModuleManager: Shutting down and abandoning module IntroTutorials (288)
[2022.11.16-23.13.19:139][  0]LogModuleManager: Shutting down and abandoning module VREditor (286)
[2022.11.16-23.13.19:139][  0]LogModuleManager: Shutting down and abandoning module StringTableEditor (284)
[2022.11.16-23.13.19:140][  0]LogModuleManager: Shutting down and abandoning module GameplayTasksEditor (282)
[2022.11.16-23.13.19:140][  0]LogModuleManager: Shutting down and abandoning module BehaviorTreeEditor (280)
[2022.11.16-23.13.19:140][  0]LogModuleManager: Shutting down and abandoning module FunctionalTesting (278)
[2022.11.16-23.13.19:140][  0]LogModuleManager: Shutting down and abandoning module CollisionAnalyzer (276)
[2022.11.16-23.13.19:140][  0]LogModuleManager: Shutting down and abandoning module WorkspaceMenuStructure (275)
[2022.11.16-23.13.19:141][  0]LogModuleManager: Shutting down and abandoning module UMG (272)
[2022.11.16-23.13.19:141][  0]LogModuleManager: Shutting down and abandoning module UMGEditor (271)
[2022.11.16-23.13.19:141][  0]LogModuleManager: Shutting down and abandoning module MessageLog (269)
[2022.11.16-23.13.19:141][  0]LogModuleManager: Shutting down and abandoning module SlateReflector (264)
[2022.11.16-23.13.19:142][  0]LogModuleManager: Shutting down and abandoning module Slate (262)
[2022.11.16-23.13.19:142][  0]LogModuleManager: Shutting down and abandoning module SlateCore (260)
[2022.11.16-23.13.19:143][  0]LogModuleManager: Shutting down and abandoning module LandscapeEditorUtilities (258)
[2022.11.16-23.13.19:143][  0]LogModuleManager: Shutting down and abandoning module UnrealEd (256)
[2022.11.16-23.13.19:143][  0]LogModuleManager: Shutting down and abandoning module MRMesh (254)
[2022.11.16-23.13.19:144][  0]LogModuleManager: Shutting down and abandoning module SourceCodeAccess (252)
[2022.11.16-23.13.19:144][  0]LogModuleManager: Shutting down and abandoning module HeadMountedDisplay (250)
[2022.11.16-23.13.19:144][  0]LogModuleManager: Shutting down and abandoning module XAudio2 (248)
[2022.11.16-23.13.19:144][  0]LogModuleManager: Shutting down and abandoning module Networking (246)
[2022.11.16-23.13.19:144][  0]LogModuleManager: Shutting down and abandoning module Core (244)
[2022.11.16-23.13.19:144][  0]LogModuleManager: Shutting down and abandoning module MaterialEditor (242)
[2022.11.16-23.13.19:145][  0]LogModuleManager: Shutting down and abandoning module Settings (241)
[2022.11.16-23.13.19:145][  0]LogModuleManager: Shutting down and abandoning module MovieSceneTools (238)
[2022.11.16-23.13.19:145][  0]LogModuleManager: Shutting down and abandoning module CurveEditor (237)
[2022.11.16-23.13.19:146][  0]LogModuleManager: Shutting down and abandoning module Sequencer (235)
[2022.11.16-23.13.19:147][  0]LogModuleManager: Shutting down and abandoning module EditorStyle (234)
[2022.11.16-23.13.19:147][  0]LogModuleManager: Shutting down and abandoning module KismetCompiler (230)
[2022.11.16-23.13.19:147][  0]LogModuleManager: Shutting down and abandoning module MeshBuilder (228)
[2022.11.16-23.13.19:147][  0]LogModuleManager: Shutting down and abandoning module MeshUtilities (226)
[2022.11.16-23.13.19:147][  0]LogModuleManager: Shutting down and abandoning module MeshMergeUtilities (225)
[2022.11.16-23.13.19:148][  0]LogModuleManager: Shutting down and abandoning module MeshReductionInterface (224)
[2022.11.16-23.13.19:148][  0]LogModuleManager: Shutting down and abandoning module MeshBoneReduction (223)
[2022.11.16-23.13.19:148][  0]LogModuleManager: Shutting down and abandoning module SkeletalMeshReduction (221)
[2022.11.16-23.13.19:148][  0]LogModuleManager: Shutting down and abandoning module ProxyLODMeshReduction (219)
[2022.11.16-23.13.19:148][  0]LogModuleManager: Shutting down and abandoning module QuadricMeshReduction (217)
[2022.11.16-23.13.19:148][  0]LogModuleManager: Shutting down and abandoning module MaterialBaking (213)
[2022.11.16-23.13.19:148][  0]LogModuleManager: Shutting down and abandoning module DirectoryWatcher (209)
[2022.11.16-23.13.19:148][  0]LogModuleManager: Shutting down and abandoning module NullInstallBundleManager (206)
[2022.11.16-23.13.19:148][  0]LogModuleManager: Shutting down and abandoning module DerivedDataCache (204)
[2022.11.16-23.13.19:148][  0]LogModuleManager: Shutting down and abandoning module TargetPlatform (202)
[2022.11.16-23.13.19:149][  0]LogModuleManager: Shutting down and abandoning module VulkanShaderFormat (201)
[2022.11.16-23.13.19:150][  0]LogModuleManager: Shutting down and abandoning module ShaderFormatVectorVM (199)
[2022.11.16-23.13.19:150][  0]LogModuleManager: Shutting down and abandoning module ShaderFormatOpenGL (197)
[2022.11.16-23.13.19:150][  0]LogModuleManager: Shutting down and abandoning module ShaderFormatD3D (195)
[2022.11.16-23.13.19:151][  0]LogModuleManager: Shutting down and abandoning module MetalShaderFormat (193)
[2022.11.16-23.13.19:152][  0]LogModuleManager: Shutting down and abandoning module TextureFormatOodle (191)
[2022.11.16-23.13.19:152][  0]LogModuleManager: Shutting down and abandoning module TextureFormatUncompressed (189)
[2022.11.16-23.13.19:152][  0]LogModuleManager: Shutting down and abandoning module TextureFormatPVR (187)
[2022.11.16-23.13.19:152][  0]LogModuleManager: Shutting down and abandoning module TextureFormatETC2 (185)
[2022.11.16-23.13.19:152][  0]LogModuleManager: Shutting down and abandoning module TextureFormatDXT (183)
[2022.11.16-23.13.19:152][  0]LogModuleManager: Shutting down and abandoning module TextureFormatIntelISPCTexComp (181)
[2022.11.16-23.13.19:152][  0]LogModuleManager: Shutting down and abandoning module TextureFormatASTC (179)
[2022.11.16-23.13.19:152][  0]LogModuleManager: Shutting down and abandoning module ImageWrapper (178)
[2022.11.16-23.13.19:152][  0]LogModuleManager: Shutting down and abandoning module AudioFormatOpus (175)
[2022.11.16-23.13.19:152][  0]LogModuleManager: Shutting down and abandoning module AudioFormatOgg (173)
[2022.11.16-23.13.19:152][  0]LogModuleManager: Shutting down and abandoning module AudioFormatADPCM (171)
[2022.11.16-23.13.19:153][  0]LogModuleManager: Shutting down and abandoning module WindowsServerTargetPlatform (169)
[2022.11.16-23.13.19:153][  0]LogModuleManager: Shutting down and abandoning module WindowsClientTargetPlatform (167)
[2022.11.16-23.13.19:153][  0]LogModuleManager: Shutting down and abandoning module WindowsTargetPlatform (165)
[2022.11.16-23.13.19:153][  0]LogModuleManager: Shutting down and abandoning module WindowsNoEditorTargetPlatform (163)
[2022.11.16-23.13.19:153][  0]LogModuleManager: Shutting down and abandoning module TVOSTargetPlatform (161)
[2022.11.16-23.13.19:153][  0]LogModuleManager: Shutting down and abandoning module MacServerTargetPlatform (159)
[2022.11.16-23.13.19:153][  0]LogModuleManager: Shutting down and abandoning module MacClientTargetPlatform (157)
[2022.11.16-23.13.19:154][  0]LogModuleManager: Shutting down and abandoning module MacTargetPlatform (155)
[2022.11.16-23.13.19:154][  0]LogModuleManager: Shutting down and abandoning module MacNoEditorTargetPlatform (153)
[2022.11.16-23.13.19:154][  0]LogModuleManager: Shutting down and abandoning module LuminTargetPlatform (151)
[2022.11.16-23.13.19:154][  0]LogModuleManager: Shutting down and abandoning module LinuxAArch64ServerTargetPlatform (149)
[2022.11.16-23.13.19:154][  0]LogModuleManager: Shutting down and abandoning module LinuxAArch64ClientTargetPlatform (147)
[2022.11.16-23.13.19:154][  0]LogModuleManager: Shutting down and abandoning module LinuxAArch64NoEditorTargetPlatform (145)
[2022.11.16-23.13.19:154][  0]LogModuleManager: Shutting down and abandoning module LinuxServerTargetPlatform (143)
[2022.11.16-23.13.19:154][  0]LogModuleManager: Shutting down and abandoning module LinuxClientTargetPlatform (141)
[2022.11.16-23.13.19:154][  0]LogModuleManager: Shutting down and abandoning module LinuxNoEditorTargetPlatform (139)
[2022.11.16-23.13.19:154][  0]LogModuleManager: Shutting down and abandoning module LinuxTargetPlatform (137)
[2022.11.16-23.13.19:154][  0]LogModuleManager: Shutting down and abandoning module Messaging (135)
[2022.11.16-23.13.19:154][  0]LogModuleManager: Shutting down and abandoning module IOSTargetPlatform (133)
[2022.11.16-23.13.19:155][  0]LogModuleManager: Shutting down and abandoning module AndroidTargetPlatform (131)
[2022.11.16-23.13.19:157][  0]LogModuleManager: Shutting down and abandoning module AllDesktopTargetPlatform (129)
[2022.11.16-23.13.19:157][  0]LogModuleManager: Shutting down and abandoning module NullDrv (126)
[2022.11.16-23.13.19:157][  0]LogModuleManager: Shutting down and abandoning module PhysXCooking (124)
[2022.11.16-23.13.19:157][  0]LogModuleManager: Shutting down and abandoning module Chaos (122)
[2022.11.16-23.13.19:157][  0]LogModuleManager: Shutting down and abandoning module WindowsPlatformFeatures (120)
[2022.11.16-23.13.19:157][  0]LogModuleManager: Shutting down and abandoning module GameplayMediaEncoder (119)
[2022.11.16-23.13.19:157][  0]LogModuleManager: Shutting down and abandoning module AVEncoder (118)
[2022.11.16-23.13.19:158][  0]LogModuleManager: Shutting down and abandoning module ExampleDeviceProfileSelector (114)
[2022.11.16-23.13.19:158][  0]LogModuleManager: Shutting down and abandoning module SteamVRInputDevice (112)
[2022.11.16-23.13.19:158][  0]LogModuleManager: Shutting down and abandoning module SteamVRInput (110)
[2022.11.16-23.13.19:158][  0]LogModuleManager: Shutting down and abandoning module SteamVR (108)
[2022.11.16-23.13.19:158][  0]LogHMD: Freeing OpenVRDLLHandle.
[2022.11.16-23.13.19:158][  0]LogModuleManager: Shutting down and abandoning module OculusHMD (106)
[2022.11.16-23.13.19:158][  0]LogModuleManager: Shutting down and abandoning module ChaosCloth (104)
[2022.11.16-23.13.19:158][  0]LogModuleManager: Shutting down and abandoning module PixWinPlugin (102)
[2022.11.16-23.13.19:158][  0]LogModuleManager: Shutting down and abandoning module OpenXRHandTracking (100)
[2022.11.16-23.13.19:159][  0]LogModuleManager: Shutting down and abandoning module OpenXREyeTracker (98)
[2022.11.16-23.13.19:159][  0]LogModuleManager: Shutting down and abandoning module OpenXRAR (96)
[2022.11.16-23.13.19:159][  0]LogModuleManager: Shutting down and abandoning module AugmentedReality (95)
[2022.11.16-23.13.19:159][  0]LogModuleManager: Shutting down and abandoning module OpenXRHMD (92)
[2022.11.16-23.13.19:159][  0]LogModuleManager: Shutting down and abandoning module ChunkDownloader (90)
[2022.11.16-23.13.19:159][  0]LogModuleManager: Shutting down and abandoning module LauncherChunkInstaller (88)
[2022.11.16-23.13.19:159][  0]LogModuleManager: Shutting down and abandoning module OnlineBlueprintSupport (86)
[2022.11.16-23.13.19:159][  0]LogModuleManager: Shutting down and abandoning module OnlineSubsystem (82)
[2022.11.16-23.13.19:162][  0]LogModuleManager: Shutting down and abandoning module XMPP (77)
[2022.11.16-23.13.19:163][  0]LogModuleManager: Shutting down and abandoning module WebSockets (76)
[2022.11.16-23.13.19:199][  0]LogModuleManager: Shutting down and abandoning module HTTP (73)
[2022.11.16-23.13.19:199][  0]LogHttp: Display: cleaning up 0 outstanding Http requests.
[2022.11.16-23.13.19:231][  0]LogModuleManager: Shutting down and abandoning module SSL (72)
[2022.11.16-23.13.19:232][  0]LogModuleManager: Shutting down and abandoning module WmfMedia (68)
[2022.11.16-23.13.19:233][  0]LogModuleManager: Shutting down and abandoning module Media (67)
[2022.11.16-23.13.19:234][  0]LogModuleManager: Shutting down and abandoning module MediaInfo (66)
[2022.11.16-23.13.19:234][  0]LogModuleManager: Shutting down and abandoning module ExrReaderGpu (62)
[2022.11.16-23.13.19:234][  0]LogModuleManager: Shutting down and abandoning module MLSDK (60)
[2022.11.16-23.13.19:234][  0]LogModuleManager: Shutting down and abandoning module MagicLeap (58)
[2022.11.16-23.13.19:234][  0]LogModuleManager: Shutting down and abandoning module NiagaraVertexFactories (56)
[2022.11.16-23.13.19:235][  0]LogModuleManager: Shutting down and abandoning module NiagaraShader (54)
[2022.11.16-23.13.19:235][  0]LogModuleManager: Shutting down and abandoning module VariantManagerContent (52)
[2022.11.16-23.13.19:235][  0]LogModuleManager: Shutting down and abandoning module DatasmithContent (50)
[2022.11.16-23.13.19:235][  0]LogModuleManager: Shutting down and abandoning module AISupportModule (48)
[2022.11.16-23.13.19:235][  0]LogModuleManager: Shutting down and abandoning module PythonScriptPluginPreload (46)
[2022.11.16-23.13.19:235][  0]LogModuleManager: Shutting down and abandoning module PlatformCryptoOpenSSL (44)
[2022.11.16-23.13.19:235][  0]LogModuleManager: Shutting down and abandoning module PlatformCryptoTypes (42)
[2022.11.16-23.13.19:235][  0]LogModuleManager: Shutting down and abandoning module PlatformCrypto (40)
[2022.11.16-23.13.19:235][  0]LogModuleManager: Shutting down and abandoning module OodleDataCompressionFormat (38)
[2022.11.16-23.13.19:235][  0]LogModuleManager: Shutting down and abandoning module XGEController (36)
[2022.11.16-23.13.19:236][  0]LogXGEController: Cannot use XGE Controller as Incredibuild is not installed on this machine.
[2022.11.16-23.13.19:236][  0]LogModuleManager: Shutting down and abandoning module AnimationModifiers (34)
[2022.11.16-23.13.19:237][  0]LogModuleManager: Shutting down and abandoning module AudioEditor (32)
[2022.11.16-23.13.19:238][  0]LogModuleManager: Shutting down and abandoning module PropertyEditor (31)
[2022.11.16-23.13.19:240][  0]LogModuleManager: Shutting down and abandoning module TextureCompressor (28)
[2022.11.16-23.13.19:240][  0]LogModuleManager: Shutting down and abandoning module RenderCore (26)
[2022.11.16-23.13.19:240][  0]LogModuleManager: Shutting down and abandoning module Landscape (24)
[2022.11.16-23.13.19:240][  0]LogModuleManager: Shutting down and abandoning module SlateRHIRenderer (22)
[2022.11.16-23.13.19:241][  0]LogModuleManager: Shutting down and abandoning module AnimGraphRuntime (20)
[2022.11.16-23.13.19:241][  0]LogModuleManager: Shutting down and abandoning module Renderer (18)
[2022.11.16-23.13.19:242][  0]LogModuleManager: Shutting down and abandoning module Engine (16)
[2022.11.16-23.13.19:242][  0]LogModuleManager: Shutting down and abandoning module CoreUObject (14)
[2022.11.16-23.13.19:242][  0]LogModuleManager: Shutting down and abandoning module NetworkFile (12)
[2022.11.16-23.13.19:242][  0]LogModuleManager: Shutting down and abandoning module CookedIterativeFile (10)
[2022.11.16-23.13.19:242][  0]LogModuleManager: Shutting down and abandoning module StreamingFile (8)
[2022.11.16-23.13.19:242][  0]LogModuleManager: Shutting down and abandoning module SandboxFile (6)
[2022.11.16-23.13.19:242][  0]LogModuleManager: Shutting down and abandoning module PakFile (4)
[2022.11.16-23.13.19:243][  0]LogModuleManager: Shutting down and abandoning module RSA (3)
[2022.11.16-23.13.19:596][  0]LogContentStreaming: Display: There are 1 unreleased StreamingManagers
[2022.11.16-23.13.19:603][  0]LogExit: Exiting.
[2022.11.16-23.13.19:626][  0]Log file closed, 11/16/22 19:13:19
